{"I:\\github_program\\claude-code-router\\TashaStone\\types.ts": {"path":"I:\\github_program\\claude-code-router\\TashaStone\\types.ts","statementMap":{"0":{"start":{"line":26,"column":0},"end":{"line":26,"column":null}},"1":{"start":{"line":27,"column":2},"end":{"line":27,"column":null}},"2":{"start":{"line":28,"column":2},"end":{"line":28,"column":null}},"3":{"start":{"line":29,"column":2},"end":{"line":29,"column":null}},"4":{"start":{"line":30,"column":2},"end":{"line":30,"column":null}},"5":{"start":{"line":31,"column":2},"end":{"line":31,"column":null}},"6":{"start":{"line":32,"column":2},"end":{"line":32,"column":null}},"7":{"start":{"line":33,"column":2},"end":{"line":33,"column":null}},"8":{"start":{"line":34,"column":2},"end":{"line":34,"column":null}},"9":{"start":{"line":35,"column":2},"end":{"line":35,"column":null}},"10":{"start":{"line":36,"column":2},"end":{"line":36,"column":null}},"11":{"start":{"line":37,"column":2},"end":{"line":37,"column":null}}},"fnMap":{"0":{"name":"(anonymous_0)","decl":{"start":{"line":26,"column":0},"end":{"line":26,"column":12}},"loc":{"start":{"line":26,"column":20},"end":{"line":38,"column":1}},"line":26}},"branchMap":{"0":{"loc":{"start":{"line":26,"column":12},"end":{"line":26,"column":null}},"type":"binary-expr","locations":[{"start":{"line":26,"column":12},"end":{"line":26,"column":20}},{"start":{"line":26,"column":12},"end":{"line":26,"column":null}}],"line":26}},"s":{"0":2,"1":2,"2":2,"3":2,"4":2,"5":2,"6":2,"7":2,"8":2,"9":2,"10":2,"11":2},"f":{"0":2},"b":{"0":[2,2]},"meta":{"lastBranch":1,"lastFunction":1,"lastStatement":12,"seen":{"s:26:0:26:Infinity":0,"f:26:0:26:12":0,"s:27:2:27:Infinity":1,"s:28:2:28:Infinity":2,"s:29:2:29:Infinity":3,"s:30:2:30:Infinity":4,"s:31:2:31:Infinity":5,"s:32:2:32:Infinity":6,"s:33:2:33:Infinity":7,"s:34:2:34:Infinity":8,"s:35:2:35:Infinity":9,"s:36:2:36:Infinity":10,"s:37:2:37:Infinity":11,"b:26:12:26:20:26:12:26:Infinity":0}}}
,"I:\\github_program\\claude-code-router\\TashaStone\\components\\ConfirmDialog.tsx": {"path":"I:\\github_program\\claude-code-router\\TashaStone\\components\\ConfirmDialog.tsx","statementMap":{"0":{"start":{"line":16,"column":59},"end":{"line":117,"column":null}},"1":{"start":{"line":27,"column":2},"end":{"line":38,"column":null}},"2":{"start":{"line":28,"column":4},"end":{"line":28,"column":null}},"3":{"start":{"line":28,"column":17},"end":{"line":28,"column":null}},"4":{"start":{"line":30,"column":25},"end":{"line":34,"column":null}},"5":{"start":{"line":31,"column":6},"end":{"line":33,"column":null}},"6":{"start":{"line":32,"column":8},"end":{"line":32,"column":null}},"7":{"start":{"line":36,"column":4},"end":{"line":36,"column":null}},"8":{"start":{"line":37,"column":4},"end":{"line":37,"column":null}},"9":{"start":{"line":37,"column":17},"end":{"line":37,"column":null}},"10":{"start":{"line":40,"column":2},"end":{"line":40,"column":null}},"11":{"start":{"line":40,"column":15},"end":{"line":40,"column":null}},"12":{"start":{"line":43,"column":18},"end":{"line":52,"column":null}},"13":{"start":{"line":44,"column":4},"end":{"line":51,"column":null}},"14":{"start":{"line":46,"column":8},"end":{"line":46,"column":null}},"15":{"start":{"line":48,"column":8},"end":{"line":48,"column":null}},"16":{"start":{"line":50,"column":8},"end":{"line":50,"column":null}},"17":{"start":{"line":54,"column":27},"end":{"line":63,"column":null}},"18":{"start":{"line":55,"column":4},"end":{"line":62,"column":null}},"19":{"start":{"line":57,"column":8},"end":{"line":57,"column":null}},"20":{"start":{"line":59,"column":8},"end":{"line":59,"column":null}},"21":{"start":{"line":61,"column":8},"end":{"line":61,"column":null}},"22":{"start":{"line":65,"column":2},"end":{"line":115,"column":null}},"23":{"start":{"line":72,"column":24},"end":{"line":72,"column":null}}},"fnMap":{"0":{"name":"(anonymous_0)","decl":{"start":{"line":16,"column":59},"end":{"line":16,"column":60}},"loc":{"start":{"line":25,"column":6},"end":{"line":117,"column":null}},"line":25},"1":{"name":"(anonymous_1)","decl":{"start":{"line":27,"column":12},"end":{"line":27,"column":18}},"loc":{"start":{"line":27,"column":18},"end":{"line":38,"column":5}},"line":27},"2":{"name":"(anonymous_2)","decl":{"start":{"line":30,"column":25},"end":{"line":30,"column":26}},"loc":{"start":{"line":30,"column":47},"end":{"line":34,"column":null}},"line":30},"3":{"name":"(anonymous_3)","decl":{"start":{"line":37,"column":11},"end":{"line":37,"column":17}},"loc":{"start":{"line":37,"column":17},"end":{"line":37,"column":null}},"line":37},"4":{"name":"(anonymous_4)","decl":{"start":{"line":43,"column":18},"end":{"line":43,"column":24}},"loc":{"start":{"line":43,"column":24},"end":{"line":52,"column":null}},"line":43},"5":{"name":"(anonymous_5)","decl":{"start":{"line":54,"column":27},"end":{"line":54,"column":33}},"loc":{"start":{"line":54,"column":33},"end":{"line":63,"column":null}},"line":54},"6":{"name":"(anonymous_6)","decl":{"start":{"line":72,"column":17},"end":{"line":72,"column":18}},"loc":{"start":{"line":72,"column":24},"end":{"line":72,"column":null}},"line":72}},"branchMap":{"0":{"loc":{"start":{"line":20,"column":2},"end":{"line":20,"column":null}},"type":"default-arg","locations":[{"start":{"line":20,"column":16},"end":{"line":20,"column":null}}],"line":20},"1":{"loc":{"start":{"line":21,"column":2},"end":{"line":21,"column":null}},"type":"default-arg","locations":[{"start":{"line":21,"column":15},"end":{"line":21,"column":null}}],"line":21},"2":{"loc":{"start":{"line":24,"column":2},"end":{"line":24,"column":null}},"type":"default-arg","locations":[{"start":{"line":24,"column":9},"end":{"line":24,"column":null}}],"line":24},"3":{"loc":{"start":{"line":28,"column":4},"end":{"line":28,"column":null}},"type":"if","locations":[{"start":{"line":28,"column":4},"end":{"line":28,"column":null}},{"start":{},"end":{}}],"line":28},"4":{"loc":{"start":{"line":31,"column":6},"end":{"line":33,"column":null}},"type":"if","locations":[{"start":{"line":31,"column":6},"end":{"line":33,"column":null}},{"start":{},"end":{}}],"line":31},"5":{"loc":{"start":{"line":40,"column":2},"end":{"line":40,"column":null}},"type":"if","locations":[{"start":{"line":40,"column":2},"end":{"line":40,"column":null}},{"start":{},"end":{}}],"line":40},"6":{"loc":{"start":{"line":44,"column":4},"end":{"line":51,"column":null}},"type":"switch","locations":[{"start":{"line":45,"column":6},"end":{"line":46,"column":null}},{"start":{"line":47,"column":6},"end":{"line":48,"column":null}},{"start":{"line":49,"column":6},"end":{"line":50,"column":null}}],"line":44},"7":{"loc":{"start":{"line":55,"column":4},"end":{"line":62,"column":null}},"type":"switch","locations":[{"start":{"line":56,"column":6},"end":{"line":57,"column":null}},{"start":{"line":58,"column":6},"end":{"line":59,"column":null}},{"start":{"line":60,"column":6},"end":{"line":61,"column":null}}],"line":55}},"s":{"0":1,"1":19,"2":19,"3":2,"4":17,"5":1,"6":1,"7":17,"8":17,"9":17,"10":19,"11":2,"12":17,"13":17,"14":1,"15":15,"16":1,"17":17,"18":17,"19":1,"20":15,"21":1,"22":17,"23":4},"f":{"0":19,"1":19,"2":1,"3":17,"4":17,"5":17,"6":4},"b":{"0":[19],"1":[19],"2":[19],"3":[2,17],"4":[1,0],"5":[2,17],"6":[1,15,1],"7":[1,15,1]},"meta":{"lastBranch":8,"lastFunction":7,"lastStatement":24,"seen":{"s:16:59:117:Infinity":0,"f:16:59:16:60":0,"b:20:16:20:Infinity":0,"b:21:15:21:Infinity":1,"b:24:9:24:Infinity":2,"s:27:2:38:Infinity":1,"f:27:12:27:18":1,"b:28:4:28:Infinity:undefined:undefined:undefined:undefined":3,"s:28:4:28:Infinity":2,"s:28:17:28:Infinity":3,"s:30:25:34:Infinity":4,"f:30:25:30:26":2,"b:31:6:33:Infinity:undefined:undefined:undefined:undefined":4,"s:31:6:33:Infinity":5,"s:32:8:32:Infinity":6,"s:36:4:36:Infinity":7,"s:37:4:37:Infinity":8,"f:37:11:37:17":3,"s:37:17:37:Infinity":9,"b:40:2:40:Infinity:undefined:undefined:undefined:undefined":5,"s:40:2:40:Infinity":10,"s:40:15:40:Infinity":11,"s:43:18:52:Infinity":12,"f:43:18:43:24":4,"b:45:6:46:Infinity:47:6:48:Infinity:49:6:50:Infinity":6,"s:44:4:51:Infinity":13,"s:46:8:46:Infinity":14,"s:48:8:48:Infinity":15,"s:50:8:50:Infinity":16,"s:54:27:63:Infinity":17,"f:54:27:54:33":5,"b:56:6:57:Infinity:58:6:59:Infinity:60:6:61:Infinity":7,"s:55:4:62:Infinity":18,"s:57:8:57:Infinity":19,"s:59:8:59:Infinity":20,"s:61:8:61:Infinity":21,"s:65:2:115:Infinity":22,"f:72:17:72:18":6,"s:72:24:72:Infinity":23}}}
,"I:\\github_program\\claude-code-router\\TashaStone\\components\\EditorTabs.tsx": {"path":"I:\\github_program\\claude-code-router\\TashaStone\\components\\EditorTabs.tsx","statementMap":{"0":{"start":{"line":17,"column":53},"end":{"line":94,"column":null}},"1":{"start":{"line":26,"column":12},"end":{"line":26,"column":null}},"2":{"start":{"line":28,"column":22},"end":{"line":31,"column":null}},"3":{"start":{"line":29,"column":17},"end":{"line":29,"column":null}},"4":{"start":{"line":29,"column":33},"end":{"line":29,"column":48}},"5":{"start":{"line":30,"column":4},"end":{"line":30,"column":null}},"6":{"start":{"line":33,"column":2},"end":{"line":33,"column":null}},"7":{"start":{"line":33,"column":26},"end":{"line":33,"column":null}},"8":{"start":{"line":35,"column":2},"end":{"line":92,"column":null}},"9":{"start":{"line":38,"column":25},"end":{"line":38,"column":null}},"10":{"start":{"line":39,"column":8},"end":{"line":89,"column":null}},"11":{"start":{"line":49,"column":27},"end":{"line":49,"column":null}},"12":{"start":{"line":59,"column":16},"end":{"line":59,"column":null}},"13":{"start":{"line":60,"column":16},"end":{"line":60,"column":null}},"14":{"start":{"line":76,"column":16},"end":{"line":76,"column":null}},"15":{"start":{"line":77,"column":16},"end":{"line":77,"column":null}}},"fnMap":{"0":{"name":"(anonymous_0)","decl":{"start":{"line":17,"column":53},"end":{"line":17,"column":54}},"loc":{"start":{"line":25,"column":6},"end":{"line":94,"column":null}},"line":25},"1":{"name":"(anonymous_1)","decl":{"start":{"line":28,"column":22},"end":{"line":28,"column":23}},"loc":{"start":{"line":28,"column":42},"end":{"line":31,"column":null}},"line":28},"2":{"name":"(anonymous_2)","decl":{"start":{"line":29,"column":28},"end":{"line":29,"column":33}},"loc":{"start":{"line":29,"column":33},"end":{"line":29,"column":48}},"line":29},"3":{"name":"(anonymous_3)","decl":{"start":{"line":37,"column":17},"end":{"line":37,"column":25}},"loc":{"start":{"line":37,"column":25},"end":{"line":91,"column":7}},"line":37},"4":{"name":"(anonymous_4)","decl":{"start":{"line":49,"column":21},"end":{"line":49,"column":27}},"loc":{"start":{"line":49,"column":27},"end":{"line":49,"column":null}},"line":49},"5":{"name":"(anonymous_5)","decl":{"start":{"line":58,"column":23},"end":{"line":58,"column":24}},"loc":{"start":{"line":58,"column":30},"end":{"line":61,"column":null}},"line":58},"6":{"name":"(anonymous_6)","decl":{"start":{"line":75,"column":23},"end":{"line":75,"column":24}},"loc":{"start":{"line":75,"column":30},"end":{"line":78,"column":null}},"line":75}},"branchMap":{"0":{"loc":{"start":{"line":24,"column":2},"end":{"line":24,"column":null}},"type":"default-arg","locations":[{"start":{"line":24,"column":13},"end":{"line":24,"column":null}}],"line":24},"1":{"loc":{"start":{"line":30,"column":11},"end":{"line":30,"column":null}},"type":"binary-expr","locations":[{"start":{"line":30,"column":11},"end":{"line":30,"column":25}},{"start":{"line":30,"column":25},"end":{"line":30,"column":null}}],"line":30},"2":{"loc":{"start":{"line":33,"column":2},"end":{"line":33,"column":null}},"type":"if","locations":[{"start":{"line":33,"column":2},"end":{"line":33,"column":null}},{"start":{},"end":{}}],"line":33},"3":{"loc":{"start":{"line":45,"column":16},"end":{"line":47,"column":130}},"type":"cond-expr","locations":[{"start":{"line":46,"column":18},"end":{"line":46,"column":null}},{"start":{"line":47,"column":18},"end":{"line":47,"column":130}}],"line":45},"4":{"loc":{"start":{"line":64,"column":18},"end":{"line":66,"column":79}},"type":"cond-expr","locations":[{"start":{"line":65,"column":20},"end":{"line":65,"column":null}},{"start":{"line":66,"column":20},"end":{"line":66,"column":79}}],"line":64},"5":{"loc":{"start":{"line":68,"column":21},"end":{"line":68,"column":null}},"type":"cond-expr","locations":[{"start":{"line":68,"column":46},"end":{"line":68,"column":58}},{"start":{"line":68,"column":58},"end":{"line":68,"column":null}}],"line":68},"6":{"loc":{"start":{"line":70,"column":15},"end":{"line":70,"column":null}},"type":"cond-expr","locations":[{"start":{"line":70,"column":40},"end":{"line":70,"column":60}},{"start":{"line":70,"column":60},"end":{"line":70,"column":null}}],"line":70},"7":{"loc":{"start":{"line":81,"column":18},"end":{"line":83,"column":82}},"type":"cond-expr","locations":[{"start":{"line":82,"column":20},"end":{"line":82,"column":null}},{"start":{"line":83,"column":20},"end":{"line":83,"column":82}}],"line":81}},"s":{"0":1,"1":17,"2":17,"3":33,"4":51,"5":33,"6":17,"7":1,"8":16,"9":33,"10":33,"11":3,"12":2,"13":2,"14":2,"15":2},"f":{"0":17,"1":33,"2":51,"3":33,"4":3,"5":2,"6":2},"b":{"0":[17],"1":[33,3],"2":[1,16],"3":[13,20],"4":[13,20],"5":[18,15],"6":[18,15],"7":[13,20]},"meta":{"lastBranch":8,"lastFunction":7,"lastStatement":16,"seen":{"s:17:53:94:Infinity":0,"f:17:53:17:54":0,"b:24:13:24:Infinity":0,"s:26:12:26:Infinity":1,"s:28:22:31:Infinity":2,"f:28:22:28:23":1,"s:29:17:29:Infinity":3,"f:29:28:29:33":2,"s:29:33:29:48":4,"s:30:4:30:Infinity":5,"b:30:11:30:25:30:25:30:Infinity":1,"b:33:2:33:Infinity:undefined:undefined:undefined:undefined":2,"s:33:2:33:Infinity":6,"s:33:26:33:Infinity":7,"s:35:2:92:Infinity":8,"f:37:17:37:25":3,"s:38:25:38:Infinity":9,"s:39:8:89:Infinity":10,"b:46:18:46:Infinity:47:18:47:130":3,"f:49:21:49:27":4,"s:49:27:49:Infinity":11,"f:58:23:58:24":5,"s:59:16:59:Infinity":12,"s:60:16:60:Infinity":13,"b:65:20:65:Infinity:66:20:66:79":4,"b:68:46:68:58:68:58:68:Infinity":5,"b:70:40:70:60:70:60:70:Infinity":6,"f:75:23:75:24":6,"s:76:16:76:Infinity":14,"s:77:16:77:Infinity":15,"b:82:20:82:Infinity:83:20:83:82":7}}}
,"I:\\github_program\\claude-code-router\\TashaStone\\components\\Toast.tsx": {"path":"I:\\github_program\\claude-code-router\\TashaStone\\components\\Toast.tsx","statementMap":{"0":{"start":{"line":18,"column":6},"end":{"line":18,"column":null}},"1":{"start":{"line":20,"column":24},"end":{"line":26,"column":null}},"2":{"start":{"line":21,"column":8},"end":{"line":21,"column":null}},"3":{"start":{"line":22,"column":2},"end":{"line":24,"column":null}},"4":{"start":{"line":23,"column":4},"end":{"line":23,"column":null}},"5":{"start":{"line":25,"column":2},"end":{"line":25,"column":null}},"6":{"start":{"line":32,"column":5},"end":{"line":91,"column":null}},"7":{"start":{"line":33,"column":32},"end":{"line":33,"column":null}},"8":{"start":{"line":35,"column":2},"end":{"line":44,"column":null}},"9":{"start":{"line":36,"column":21},"end":{"line":36,"column":null}},"10":{"start":{"line":37,"column":4},"end":{"line":43,"column":null}},"11":{"start":{"line":38,"column":20},"end":{"line":41,"column":null}},"12":{"start":{"line":39,"column":8},"end":{"line":39,"column":null}},"13":{"start":{"line":40,"column":8},"end":{"line":40,"column":null}},"14":{"start":{"line":40,"column":25},"end":{"line":40,"column":44}},"15":{"start":{"line":42,"column":6},"end":{"line":42,"column":null}},"16":{"start":{"line":42,"column":19},"end":{"line":42,"column":null}},"17":{"start":{"line":46,"column":22},"end":{"line":49,"column":null}},"18":{"start":{"line":47,"column":4},"end":{"line":47,"column":null}},"19":{"start":{"line":48,"column":4},"end":{"line":48,"column":null}},"20":{"start":{"line":48,"column":21},"end":{"line":48,"column":40}},"21":{"start":{"line":51,"column":16},"end":{"line":56,"column":null}},"22":{"start":{"line":58,"column":19},"end":{"line":63,"column":null}},"23":{"start":{"line":65,"column":2},"end":{"line":89,"column":null}},"24":{"start":{"line":94,"column":99},"end":{"line":107,"column":null}},"25":{"start":{"line":98,"column":2},"end":{"line":98,"column":null}},"26":{"start":{"line":98,"column":27},"end":{"line":98,"column":null}},"27":{"start":{"line":100,"column":2},"end":{"line":105,"column":null}},"28":{"start":{"line":103,"column":8},"end":{"line":103,"column":null}},"29":{"start":{"line":110,"column":70},"end":{"line":128,"column":null}},"30":{"start":{"line":111,"column":26},"end":{"line":111,"column":null}},"31":{"start":{"line":113,"column":8},"end":{"line":116,"column":null}},"32":{"start":{"line":114,"column":15},"end":{"line":114,"column":null}},"33":{"start":{"line":115,"column":4},"end":{"line":115,"column":null}},"34":{"start":{"line":115,"column":24},"end":{"line":115,"column":66}},"35":{"start":{"line":118,"column":8},"end":{"line":120,"column":null}},"36":{"start":{"line":119,"column":4},"end":{"line":119,"column":null}},"37":{"start":{"line":119,"column":24},"end":{"line":119,"column":55}},"38":{"start":{"line":119,"column":43},"end":{"line":119,"column":54}},"39":{"start":{"line":122,"column":2},"end":{"line":126,"column":null}},"40":{"start":{"line":131,"column":95},"end":{"line":131,"column":null}},"41":{"start":{"line":133,"column":30},"end":{"line":135,"column":null}},"42":{"start":{"line":134,"column":2},"end":{"line":134,"column":null}},"43":{"start":{"line":137,"column":21},"end":{"line":143,"column":null}},"44":{"start":{"line":138,"column":51},"end":{"line":138,"column":null}},"45":{"start":{"line":139,"column":49},"end":{"line":139,"column":null}},"46":{"start":{"line":140,"column":51},"end":{"line":140,"column":null}},"47":{"start":{"line":141,"column":48},"end":{"line":141,"column":null}},"48":{"start":{"line":142,"column":66},"end":{"line":142,"column":null}}},"fnMap":{"0":{"name":"(anonymous_0)","decl":{"start":{"line":20,"column":24},"end":{"line":20,"column":30}},"loc":{"start":{"line":20,"column":30},"end":{"line":26,"column":null}},"line":20},"1":{"name":"(anonymous_1)","decl":{"start":{"line":32,"column":5},"end":{"line":32,"column":6}},"loc":{"start":{"line":32,"column":29},"end":{"line":91,"column":null}},"line":32},"2":{"name":"(anonymous_2)","decl":{"start":{"line":35,"column":12},"end":{"line":35,"column":18}},"loc":{"start":{"line":35,"column":18},"end":{"line":44,"column":5}},"line":35},"3":{"name":"(anonymous_3)","decl":{"start":{"line":38,"column":31},"end":{"line":38,"column":37}},"loc":{"start":{"line":38,"column":37},"end":{"line":41,"column":9}},"line":38},"4":{"name":"(anonymous_4)","decl":{"start":{"line":40,"column":19},"end":{"line":40,"column":25}},"loc":{"start":{"line":40,"column":25},"end":{"line":40,"column":44}},"line":40},"5":{"name":"(anonymous_5)","decl":{"start":{"line":42,"column":13},"end":{"line":42,"column":19}},"loc":{"start":{"line":42,"column":19},"end":{"line":42,"column":null}},"line":42},"6":{"name":"(anonymous_6)","decl":{"start":{"line":46,"column":22},"end":{"line":46,"column":28}},"loc":{"start":{"line":46,"column":28},"end":{"line":49,"column":null}},"line":46},"7":{"name":"(anonymous_7)","decl":{"start":{"line":48,"column":15},"end":{"line":48,"column":21}},"loc":{"start":{"line":48,"column":21},"end":{"line":48,"column":40}},"line":48},"8":{"name":"(anonymous_8)","decl":{"start":{"line":94,"column":99},"end":{"line":94,"column":100}},"loc":{"start":{"line":97,"column":6},"end":{"line":107,"column":null}},"line":97},"9":{"name":"(anonymous_9)","decl":{"start":{"line":102,"column":18},"end":{"line":102,"column":19}},"loc":{"start":{"line":103,"column":8},"end":{"line":103,"column":null}},"line":103},"10":{"name":"(anonymous_10)","decl":{"start":{"line":110,"column":70},"end":{"line":110,"column":71}},"loc":{"start":{"line":110,"column":88},"end":{"line":128,"column":null}},"line":110},"11":{"name":"(anonymous_11)","decl":{"start":{"line":113,"column":32},"end":{"line":113,"column":33}},"loc":{"start":{"line":113,"column":104},"end":{"line":116,"column":5}},"line":113},"12":{"name":"(anonymous_12)","decl":{"start":{"line":115,"column":14},"end":{"line":115,"column":15}},"loc":{"start":{"line":115,"column":24},"end":{"line":115,"column":66}},"line":115},"13":{"name":"(anonymous_13)","decl":{"start":{"line":118,"column":32},"end":{"line":118,"column":33}},"loc":{"start":{"line":118,"column":48},"end":{"line":120,"column":5}},"line":118},"14":{"name":"(anonymous_14)","decl":{"start":{"line":119,"column":14},"end":{"line":119,"column":15}},"loc":{"start":{"line":119,"column":24},"end":{"line":119,"column":55}},"line":119},"15":{"name":"(anonymous_15)","decl":{"start":{"line":119,"column":36},"end":{"line":119,"column":37}},"loc":{"start":{"line":119,"column":43},"end":{"line":119,"column":54}},"line":119},"16":{"name":"(anonymous_16)","decl":{"start":{"line":133,"column":30},"end":{"line":133,"column":31}},"loc":{"start":{"line":133,"column":109},"end":{"line":135,"column":null}},"line":133},"17":{"name":"(anonymous_17)","decl":{"start":{"line":138,"column":11},"end":{"line":138,"column":12}},"loc":{"start":{"line":138,"column":51},"end":{"line":138,"column":null}},"line":138},"18":{"name":"(anonymous_18)","decl":{"start":{"line":139,"column":9},"end":{"line":139,"column":10}},"loc":{"start":{"line":139,"column":49},"end":{"line":139,"column":null}},"line":139},"19":{"name":"(anonymous_19)","decl":{"start":{"line":140,"column":11},"end":{"line":140,"column":12}},"loc":{"start":{"line":140,"column":51},"end":{"line":140,"column":null}},"line":140},"20":{"name":"(anonymous_20)","decl":{"start":{"line":141,"column":8},"end":{"line":141,"column":9}},"loc":{"start":{"line":141,"column":48},"end":{"line":141,"column":null}},"line":141},"21":{"name":"(anonymous_21)","decl":{"start":{"line":142,"column":8},"end":{"line":142,"column":9}},"loc":{"start":{"line":142,"column":66},"end":{"line":142,"column":null}},"line":142}},"branchMap":{"0":{"loc":{"start":{"line":22,"column":2},"end":{"line":24,"column":null}},"type":"if","locations":[{"start":{"line":22,"column":2},"end":{"line":24,"column":null}},{"start":{},"end":{}}],"line":22},"1":{"loc":{"start":{"line":36,"column":21},"end":{"line":36,"column":null}},"type":"binary-expr","locations":[{"start":{"line":36,"column":21},"end":{"line":36,"column":39}},{"start":{"line":36,"column":39},"end":{"line":36,"column":null}}],"line":36},"2":{"loc":{"start":{"line":37,"column":4},"end":{"line":43,"column":null}},"type":"if","locations":[{"start":{"line":37,"column":4},"end":{"line":43,"column":null}},{"start":{},"end":{}}],"line":37},"3":{"loc":{"start":{"line":72,"column":10},"end":{"line":72,"column":77}},"type":"cond-expr","locations":[{"start":{"line":72,"column":22},"end":{"line":72,"column":50}},{"start":{"line":72,"column":50},"end":{"line":72,"column":77}}],"line":72},"4":{"loc":{"start":{"line":98,"column":2},"end":{"line":98,"column":null}},"type":"if","locations":[{"start":{"line":98,"column":2},"end":{"line":98,"column":null}},{"start":{},"end":{}}],"line":98},"5":{"loc":{"start":{"line":113,"column":50},"end":{"line":113,"column":76}},"type":"default-arg","locations":[{"start":{"line":113,"column":68},"end":{"line":113,"column":76}}],"line":113},"6":{"loc":{"start":{"line":113,"column":76},"end":{"line":113,"column":104}},"type":"default-arg","locations":[{"start":{"line":113,"column":95},"end":{"line":113,"column":104}}],"line":113}},"s":{"0":1,"1":1,"2":13,"3":13,"4":2,"5":11,"6":1,"7":12,"8":12,"9":10,"10":10,"11":9,"12":1,"13":1,"14":1,"15":9,"16":9,"17":12,"18":1,"19":1,"20":1,"21":12,"22":12,"23":12,"24":1,"25":17,"26":8,"27":9,"28":10,"29":1,"30":12,"31":12,"32":5,"33":5,"34":5,"35":12,"36":0,"37":0,"38":0,"39":12,"40":1,"41":1,"42":1,"43":1,"44":1,"45":1,"46":1,"47":1,"48":1},"f":{"0":13,"1":12,"2":10,"3":1,"4":1,"5":9,"6":1,"7":1,"8":17,"9":10,"10":12,"11":5,"12":5,"13":0,"14":0,"15":0,"16":1,"17":1,"18":1,"19":1,"20":1,"21":1},"b":{"0":[2,11],"1":[10,3],"2":[9,1],"3":[2,10],"4":[8,9],"5":[5],"6":[5]},"meta":{"lastBranch":7,"lastFunction":22,"lastStatement":49,"seen":{"s:18:6:18:Infinity":0,"s:20:24:26:Infinity":1,"f:20:24:20:30":0,"s:21:8:21:Infinity":2,"b:22:2:24:Infinity:undefined:undefined:undefined:undefined":0,"s:22:2:24:Infinity":3,"s:23:4:23:Infinity":4,"s:25:2:25:Infinity":5,"s:32:5:91:Infinity":6,"f:32:5:32:6":1,"s:33:32:33:Infinity":7,"s:35:2:44:Infinity":8,"f:35:12:35:18":2,"s:36:21:36:Infinity":9,"b:36:21:36:39:36:39:36:Infinity":1,"b:37:4:43:Infinity:undefined:undefined:undefined:undefined":2,"s:37:4:43:Infinity":10,"s:38:20:41:Infinity":11,"f:38:31:38:37":3,"s:39:8:39:Infinity":12,"s:40:8:40:Infinity":13,"f:40:19:40:25":4,"s:40:25:40:44":14,"s:42:6:42:Infinity":15,"f:42:13:42:19":5,"s:42:19:42:Infinity":16,"s:46:22:49:Infinity":17,"f:46:22:46:28":6,"s:47:4:47:Infinity":18,"s:48:4:48:Infinity":19,"f:48:15:48:21":7,"s:48:21:48:40":20,"s:51:16:56:Infinity":21,"s:58:19:63:Infinity":22,"s:65:2:89:Infinity":23,"b:72:22:72:50:72:50:72:77":3,"s:94:99:107:Infinity":24,"f:94:99:94:100":8,"b:98:2:98:Infinity:undefined:undefined:undefined:undefined":4,"s:98:2:98:Infinity":25,"s:98:27:98:Infinity":26,"s:100:2:105:Infinity":27,"f:102:18:102:19":9,"s:103:8:103:Infinity":28,"s:110:70:128:Infinity":29,"f:110:70:110:71":10,"s:111:26:111:Infinity":30,"s:113:8:116:Infinity":31,"f:113:32:113:33":11,"b:113:68:113:76":5,"b:113:95:113:104":6,"s:114:15:114:Infinity":32,"s:115:4:115:Infinity":33,"f:115:14:115:15":12,"s:115:24:115:66":34,"s:118:8:120:Infinity":35,"f:118:32:118:33":13,"s:119:4:119:Infinity":36,"f:119:14:119:15":14,"s:119:24:119:55":37,"f:119:36:119:37":15,"s:119:43:119:54":38,"s:122:2:126:Infinity":39,"s:131:95:131:Infinity":40,"s:133:30:135:Infinity":41,"f:133:30:133:31":16,"s:134:2:134:Infinity":42,"s:137:21:143:Infinity":43,"f:138:11:138:12":17,"s:138:51:138:Infinity":44,"f:139:9:139:10":18,"s:139:49:139:Infinity":45,"f:140:11:140:12":19,"s:140:51:140:Infinity":46,"f:141:8:141:9":20,"s:141:48:141:Infinity":47,"f:142:8:142:9":21,"s:142:66:142:Infinity":48}}}
,"I:\\github_program\\claude-code-router\\TashaStone\\components\\Toolbar.tsx": {"path":"I:\\github_program\\claude-code-router\\TashaStone\\components\\Toolbar.tsx","statementMap":{"0":{"start":{"line":79,"column":47},"end":{"line":525,"column":null}},"1":{"start":{"line":110,"column":12},"end":{"line":110,"column":null}},"2":{"start":{"line":113,"column":36},"end":{"line":113,"column":null}},"3":{"start":{"line":114,"column":38},"end":{"line":114,"column":null}},"4":{"start":{"line":115,"column":34},"end":{"line":115,"column":null}},"5":{"start":{"line":116,"column":8},"end":{"line":116,"column":null}},"6":{"start":{"line":117,"column":8},"end":{"line":117,"column":null}},"7":{"start":{"line":118,"column":21},"end":{"line":118,"column":null}},"8":{"start":{"line":120,"column":2},"end":{"line":129,"column":null}},"9":{"start":{"line":121,"column":4},"end":{"line":121,"column":null}},"10":{"start":{"line":121,"column":21},"end":{"line":121,"column":null}},"11":{"start":{"line":124,"column":4},"end":{"line":124,"column":null}},"12":{"start":{"line":127,"column":20},"end":{"line":127,"column":null}},"13":{"start":{"line":128,"column":4},"end":{"line":128,"column":null}},"14":{"start":{"line":132,"column":2},"end":{"line":145,"column":null}},"15":{"start":{"line":133,"column":31},"end":{"line":140,"column":null}},"16":{"start":{"line":134,"column":6},"end":{"line":136,"column":null}},"17":{"start":{"line":135,"column":8},"end":{"line":135,"column":null}},"18":{"start":{"line":137,"column":6},"end":{"line":139,"column":null}},"19":{"start":{"line":138,"column":8},"end":{"line":138,"column":null}},"20":{"start":{"line":141,"column":4},"end":{"line":144,"column":null}},"21":{"start":{"line":142,"column":6},"end":{"line":142,"column":null}},"22":{"start":{"line":143,"column":6},"end":{"line":143,"column":null}},"23":{"start":{"line":143,"column":19},"end":{"line":143,"column":null}},"24":{"start":{"line":147,"column":25},"end":{"line":147,"column":null}},"25":{"start":{"line":147,"column":31},"end":{"line":147,"column":null}},"26":{"start":{"line":148,"column":25},"end":{"line":148,"column":null}},"27":{"start":{"line":148,"column":31},"end":{"line":148,"column":null}},"28":{"start":{"line":149,"column":22},"end":{"line":149,"column":null}},"29":{"start":{"line":149,"column":28},"end":{"line":149,"column":null}},"30":{"start":{"line":151,"column":2},"end":{"line":523,"column":null}},"31":{"start":{"line":171,"column":29},"end":{"line":171,"column":null}},"32":{"start":{"line":227,"column":30},"end":{"line":227,"column":51}},"33":{"start":{"line":227,"column":51},"end":{"line":227,"column":83}},"34":{"start":{"line":253,"column":18},"end":{"line":253,"column":null}},"35":{"start":{"line":254,"column":18},"end":{"line":254,"column":null}},"36":{"start":{"line":255,"column":18},"end":{"line":255,"column":null}},"37":{"start":{"line":263,"column":18},"end":{"line":263,"column":null}},"38":{"start":{"line":265,"column":18},"end":{"line":271,"column":null}},"39":{"start":{"line":266,"column":20},"end":{"line":266,"column":null}},"40":{"start":{"line":267,"column":18},"end":{"line":271,"column":null}},"41":{"start":{"line":270,"column":20},"end":{"line":270,"column":null}},"42":{"start":{"line":272,"column":18},"end":{"line":272,"column":null}},"43":{"start":{"line":280,"column":18},"end":{"line":280,"column":null}},"44":{"start":{"line":281,"column":18},"end":{"line":281,"column":null}},"45":{"start":{"line":282,"column":18},"end":{"line":282,"column":null}},"46":{"start":{"line":291,"column":33},"end":{"line":291,"column":64}},"47":{"start":{"line":291,"column":64},"end":{"line":291,"column":88}},"48":{"start":{"line":297,"column":33},"end":{"line":297,"column":65}},"49":{"start":{"line":297,"column":65},"end":{"line":297,"column":89}},"50":{"start":{"line":303,"column":33},"end":{"line":303,"column":66}},"51":{"start":{"line":303,"column":66},"end":{"line":303,"column":90}},"52":{"start":{"line":311,"column":33},"end":{"line":311,"column":66}},"53":{"start":{"line":311,"column":66},"end":{"line":311,"column":90}},"54":{"start":{"line":317,"column":33},"end":{"line":317,"column":61}},"55":{"start":{"line":317,"column":61},"end":{"line":317,"column":85}},"56":{"start":{"line":323,"column":33},"end":{"line":323,"column":64}},"57":{"start":{"line":323,"column":64},"end":{"line":323,"column":88}},"58":{"start":{"line":337,"column":16},"end":{"line":337,"column":null}},"59":{"start":{"line":338,"column":16},"end":{"line":338,"column":null}},"60":{"start":{"line":348,"column":16},"end":{"line":348,"column":null}},"61":{"start":{"line":349,"column":16},"end":{"line":349,"column":null}},"62":{"start":{"line":359,"column":16},"end":{"line":359,"column":null}},"63":{"start":{"line":360,"column":16},"end":{"line":360,"column":null}},"64":{"start":{"line":377,"column":32},"end":{"line":377,"column":53}},"65":{"start":{"line":377,"column":53},"end":{"line":377,"column":81}},"66":{"start":{"line":394,"column":35},"end":{"line":394,"column":49}},"67":{"start":{"line":394,"column":49},"end":{"line":394,"column":71}},"68":{"start":{"line":400,"column":35},"end":{"line":400,"column":49}},"69":{"start":{"line":400,"column":49},"end":{"line":400,"column":71}},"70":{"start":{"line":407,"column":35},"end":{"line":407,"column":56}},"71":{"start":{"line":407,"column":56},"end":{"line":407,"column":78}},"72":{"start":{"line":413,"column":35},"end":{"line":413,"column":53}},"73":{"start":{"line":413,"column":53},"end":{"line":413,"column":75}},"74":{"start":{"line":420,"column":37},"end":{"line":420,"column":59}},"75":{"start":{"line":420,"column":59},"end":{"line":420,"column":81}},"76":{"start":{"line":427,"column":35},"end":{"line":427,"column":51}},"77":{"start":{"line":427,"column":51},"end":{"line":427,"column":73}},"78":{"start":{"line":437,"column":39},"end":{"line":437,"column":63}},"79":{"start":{"line":437,"column":63},"end":{"line":437,"column":85}}},"fnMap":{"0":{"name":"(anonymous_0)","decl":{"start":{"line":79,"column":47},"end":{"line":79,"column":48}},"loc":{"start":{"line":109,"column":6},"end":{"line":525,"column":null}},"line":109},"1":{"name":"(anonymous_1)","decl":{"start":{"line":120,"column":12},"end":{"line":120,"column":18}},"loc":{"start":{"line":120,"column":18},"end":{"line":129,"column":5}},"line":120},"2":{"name":"(anonymous_2)","decl":{"start":{"line":132,"column":12},"end":{"line":132,"column":18}},"loc":{"start":{"line":132,"column":18},"end":{"line":145,"column":5}},"line":132},"3":{"name":"(anonymous_3)","decl":{"start":{"line":133,"column":31},"end":{"line":133,"column":32}},"loc":{"start":{"line":133,"column":54},"end":{"line":140,"column":null}},"line":133},"4":{"name":"(anonymous_4)","decl":{"start":{"line":143,"column":13},"end":{"line":143,"column":19}},"loc":{"start":{"line":143,"column":19},"end":{"line":143,"column":null}},"line":143},"5":{"name":"(anonymous_5)","decl":{"start":{"line":147,"column":25},"end":{"line":147,"column":31}},"loc":{"start":{"line":147,"column":31},"end":{"line":147,"column":null}},"line":147},"6":{"name":"(anonymous_6)","decl":{"start":{"line":148,"column":25},"end":{"line":148,"column":31}},"loc":{"start":{"line":148,"column":31},"end":{"line":148,"column":null}},"line":148},"7":{"name":"(anonymous_7)","decl":{"start":{"line":149,"column":22},"end":{"line":149,"column":28}},"loc":{"start":{"line":149,"column":28},"end":{"line":149,"column":null}},"line":149},"8":{"name":"(anonymous_8)","decl":{"start":{"line":171,"column":22},"end":{"line":171,"column":23}},"loc":{"start":{"line":171,"column":29},"end":{"line":171,"column":null}},"line":171},"9":{"name":"(anonymous_9)","decl":{"start":{"line":227,"column":21},"end":{"line":227,"column":22}},"loc":{"start":{"line":227,"column":28},"end":{"line":227,"column":null}},"line":227},"10":{"name":"(anonymous_10)","decl":{"start":{"line":252,"column":25},"end":{"line":252,"column":31}},"loc":{"start":{"line":252,"column":31},"end":{"line":256,"column":null}},"line":252},"11":{"name":"(anonymous_11)","decl":{"start":{"line":262,"column":25},"end":{"line":262,"column":31}},"loc":{"start":{"line":262,"column":31},"end":{"line":273,"column":null}},"line":262},"12":{"name":"(anonymous_12)","decl":{"start":{"line":279,"column":25},"end":{"line":279,"column":31}},"loc":{"start":{"line":279,"column":31},"end":{"line":283,"column":null}},"line":279},"13":{"name":"(anonymous_13)","decl":{"start":{"line":291,"column":25},"end":{"line":291,"column":31}},"loc":{"start":{"line":291,"column":31},"end":{"line":291,"column":null}},"line":291},"14":{"name":"(anonymous_14)","decl":{"start":{"line":297,"column":25},"end":{"line":297,"column":31}},"loc":{"start":{"line":297,"column":31},"end":{"line":297,"column":null}},"line":297},"15":{"name":"(anonymous_15)","decl":{"start":{"line":303,"column":25},"end":{"line":303,"column":31}},"loc":{"start":{"line":303,"column":31},"end":{"line":303,"column":null}},"line":303},"16":{"name":"(anonymous_16)","decl":{"start":{"line":311,"column":25},"end":{"line":311,"column":31}},"loc":{"start":{"line":311,"column":31},"end":{"line":311,"column":null}},"line":311},"17":{"name":"(anonymous_17)","decl":{"start":{"line":317,"column":25},"end":{"line":317,"column":31}},"loc":{"start":{"line":317,"column":31},"end":{"line":317,"column":null}},"line":317},"18":{"name":"(anonymous_18)","decl":{"start":{"line":323,"column":25},"end":{"line":323,"column":31}},"loc":{"start":{"line":323,"column":31},"end":{"line":323,"column":null}},"line":323},"19":{"name":"(anonymous_19)","decl":{"start":{"line":336,"column":23},"end":{"line":336,"column":29}},"loc":{"start":{"line":336,"column":29},"end":{"line":339,"column":null}},"line":336},"20":{"name":"(anonymous_20)","decl":{"start":{"line":347,"column":23},"end":{"line":347,"column":29}},"loc":{"start":{"line":347,"column":29},"end":{"line":350,"column":null}},"line":347},"21":{"name":"(anonymous_21)","decl":{"start":{"line":358,"column":23},"end":{"line":358,"column":29}},"loc":{"start":{"line":358,"column":29},"end":{"line":361,"column":null}},"line":358},"22":{"name":"(anonymous_22)","decl":{"start":{"line":377,"column":23},"end":{"line":377,"column":24}},"loc":{"start":{"line":377,"column":30},"end":{"line":377,"column":null}},"line":377},"23":{"name":"(anonymous_23)","decl":{"start":{"line":394,"column":27},"end":{"line":394,"column":33}},"loc":{"start":{"line":394,"column":33},"end":{"line":394,"column":null}},"line":394},"24":{"name":"(anonymous_24)","decl":{"start":{"line":400,"column":27},"end":{"line":400,"column":33}},"loc":{"start":{"line":400,"column":33},"end":{"line":400,"column":null}},"line":400},"25":{"name":"(anonymous_25)","decl":{"start":{"line":407,"column":27},"end":{"line":407,"column":33}},"loc":{"start":{"line":407,"column":33},"end":{"line":407,"column":null}},"line":407},"26":{"name":"(anonymous_26)","decl":{"start":{"line":413,"column":27},"end":{"line":413,"column":33}},"loc":{"start":{"line":413,"column":33},"end":{"line":413,"column":null}},"line":413},"27":{"name":"(anonymous_27)","decl":{"start":{"line":420,"column":29},"end":{"line":420,"column":35}},"loc":{"start":{"line":420,"column":35},"end":{"line":420,"column":null}},"line":420},"28":{"name":"(anonymous_28)","decl":{"start":{"line":427,"column":27},"end":{"line":427,"column":33}},"loc":{"start":{"line":427,"column":33},"end":{"line":427,"column":null}},"line":427},"29":{"name":"(anonymous_29)","decl":{"start":{"line":437,"column":31},"end":{"line":437,"column":37}},"loc":{"start":{"line":437,"column":37},"end":{"line":437,"column":null}},"line":437}},"branchMap":{"0":{"loc":{"start":{"line":105,"column":2},"end":{"line":105,"column":null}},"type":"default-arg","locations":[{"start":{"line":105,"column":13},"end":{"line":105,"column":null}}],"line":105},"1":{"loc":{"start":{"line":106,"column":2},"end":{"line":106,"column":null}},"type":"default-arg","locations":[{"start":{"line":106,"column":14},"end":{"line":106,"column":null}}],"line":106},"2":{"loc":{"start":{"line":108,"column":2},"end":{"line":108,"column":null}},"type":"default-arg","locations":[{"start":{"line":108,"column":14},"end":{"line":108,"column":null}}],"line":108},"3":{"loc":{"start":{"line":118,"column":21},"end":{"line":118,"column":null}},"type":"binary-expr","locations":[{"start":{"line":118,"column":21},"end":{"line":118,"column":54}},{"start":{"line":118,"column":54},"end":{"line":118,"column":null}}],"line":118},"4":{"loc":{"start":{"line":121,"column":4},"end":{"line":121,"column":null}},"type":"if","locations":[{"start":{"line":121,"column":4},"end":{"line":121,"column":null}},{"start":{},"end":{}}],"line":121},"5":{"loc":{"start":{"line":134,"column":6},"end":{"line":136,"column":null}},"type":"if","locations":[{"start":{"line":134,"column":6},"end":{"line":136,"column":null}},{"start":{},"end":{}}],"line":134},"6":{"loc":{"start":{"line":134,"column":10},"end":{"line":134,"column":86}},"type":"binary-expr","locations":[{"start":{"line":134,"column":10},"end":{"line":134,"column":33}},{"start":{"line":134,"column":33},"end":{"line":134,"column":86}}],"line":134},"7":{"loc":{"start":{"line":137,"column":6},"end":{"line":139,"column":null}},"type":"if","locations":[{"start":{"line":137,"column":6},"end":{"line":139,"column":null}},{"start":{},"end":{}}],"line":137},"8":{"loc":{"start":{"line":137,"column":10},"end":{"line":137,"column":82}},"type":"binary-expr","locations":[{"start":{"line":137,"column":10},"end":{"line":137,"column":31}},{"start":{"line":137,"column":31},"end":{"line":137,"column":82}}],"line":137},"9":{"loc":{"start":{"line":141,"column":4},"end":{"line":144,"column":null}},"type":"if","locations":[{"start":{"line":141,"column":4},"end":{"line":144,"column":null}},{"start":{},"end":{}}],"line":141},"10":{"loc":{"start":{"line":141,"column":8},"end":{"line":141,"column":36}},"type":"binary-expr","locations":[{"start":{"line":141,"column":8},"end":{"line":141,"column":24}},{"start":{"line":141,"column":24},"end":{"line":141,"column":36}}],"line":141},"11":{"loc":{"start":{"line":229,"column":19},"end":{"line":229,"column":null}},"type":"binary-expr","locations":[{"start":{"line":229,"column":19},"end":{"line":229,"column":33}},{"start":{"line":229,"column":33},"end":{"line":229,"column":null}}],"line":229},"12":{"loc":{"start":{"line":231,"column":13},"end":{"line":231,"column":null}},"type":"binary-expr","locations":[{"start":{"line":231,"column":13},"end":{"line":231,"column":45}},{"start":{"line":231,"column":45},"end":{"line":231,"column":null}}],"line":231},"13":{"loc":{"start":{"line":232,"column":13},"end":{"line":232,"column":null}},"type":"binary-expr","locations":[{"start":{"line":232,"column":13},"end":{"line":232,"column":44}},{"start":{"line":232,"column":44},"end":{"line":232,"column":null}}],"line":232},"14":{"loc":{"start":{"line":233,"column":13},"end":{"line":233,"column":null}},"type":"binary-expr","locations":[{"start":{"line":233,"column":13},"end":{"line":233,"column":46}},{"start":{"line":233,"column":46},"end":{"line":233,"column":null}}],"line":233},"15":{"loc":{"start":{"line":234,"column":13},"end":{"line":234,"column":null}},"type":"binary-expr","locations":[{"start":{"line":234,"column":13},"end":{"line":234,"column":44}},{"start":{"line":234,"column":44},"end":{"line":234,"column":null}}],"line":234},"16":{"loc":{"start":{"line":235,"column":13},"end":{"line":235,"column":null}},"type":"binary-expr","locations":[{"start":{"line":235,"column":13},"end":{"line":235,"column":46}},{"start":{"line":235,"column":46},"end":{"line":235,"column":null}}],"line":235},"17":{"loc":{"start":{"line":236,"column":13},"end":{"line":236,"column":null}},"type":"binary-expr","locations":[{"start":{"line":236,"column":13},"end":{"line":236,"column":43}},{"start":{"line":236,"column":43},"end":{"line":236,"column":null}}],"line":236},"18":{"loc":{"start":{"line":237,"column":13},"end":{"line":237,"column":null}},"type":"binary-expr","locations":[{"start":{"line":237,"column":13},"end":{"line":237,"column":48}},{"start":{"line":237,"column":48},"end":{"line":237,"column":null}}],"line":237},"19":{"loc":{"start":{"line":238,"column":13},"end":{"line":238,"column":null}},"type":"binary-expr","locations":[{"start":{"line":238,"column":13},"end":{"line":238,"column":43}},{"start":{"line":238,"column":43},"end":{"line":238,"column":null}}],"line":238},"20":{"loc":{"start":{"line":239,"column":13},"end":{"line":239,"column":null}},"type":"binary-expr","locations":[{"start":{"line":239,"column":13},"end":{"line":239,"column":46}},{"start":{"line":239,"column":46},"end":{"line":239,"column":null}}],"line":239},"21":{"loc":{"start":{"line":240,"column":74},"end":{"line":240,"column":112}},"type":"binary-expr","locations":[{"start":{"line":240,"column":74},"end":{"line":240,"column":103}},{"start":{"line":240,"column":103},"end":{"line":240,"column":112}}],"line":240},"22":{"loc":{"start":{"line":243,"column":11},"end":{"line":328,"column":null}},"type":"binary-expr","locations":[{"start":{"line":243,"column":11},"end":{"line":243,"column":null}},{"start":{"line":244,"column":12},"end":{"line":328,"column":null}}],"line":243},"23":{"loc":{"start":{"line":248,"column":113},"end":{"line":248,"column":139}},"type":"binary-expr","locations":[{"start":{"line":248,"column":113},"end":{"line":248,"column":127}},{"start":{"line":248,"column":127},"end":{"line":248,"column":139}}],"line":248},"24":{"loc":{"start":{"line":257,"column":132},"end":{"line":257,"column":248}},"type":"cond-expr","locations":[{"start":{"line":257,"column":163},"end":{"line":257,"column":212}},{"start":{"line":257,"column":212},"end":{"line":257,"column":248}}],"line":257},"25":{"loc":{"start":{"line":265,"column":18},"end":{"line":271,"column":null}},"type":"if","locations":[{"start":{"line":265,"column":18},"end":{"line":271,"column":null}},{"start":{"line":267,"column":18},"end":{"line":271,"column":null}}],"line":265},"26":{"loc":{"start":{"line":267,"column":18},"end":{"line":271,"column":null}},"type":"if","locations":[{"start":{"line":267,"column":18},"end":{"line":271,"column":null}},{"start":{},"end":{}}],"line":267},"27":{"loc":{"start":{"line":274,"column":132},"end":{"line":274,"column":247}},"type":"cond-expr","locations":[{"start":{"line":274,"column":162},"end":{"line":274,"column":211}},{"start":{"line":274,"column":211},"end":{"line":274,"column":247}}],"line":274},"28":{"loc":{"start":{"line":284,"column":132},"end":{"line":284,"column":249}},"type":"cond-expr","locations":[{"start":{"line":284,"column":164},"end":{"line":284,"column":213}},{"start":{"line":284,"column":213},"end":{"line":284,"column":249}}],"line":284},"29":{"loc":{"start":{"line":292,"column":132},"end":{"line":292,"column":274}},"type":"cond-expr","locations":[{"start":{"line":292,"column":189},"end":{"line":292,"column":238}},{"start":{"line":292,"column":238},"end":{"line":292,"column":274}}],"line":292},"30":{"loc":{"start":{"line":292,"column":132},"end":{"line":292,"column":189}},"type":"binary-expr","locations":[{"start":{"line":292,"column":132},"end":{"line":292,"column":163}},{"start":{"line":292,"column":163},"end":{"line":292,"column":189}}],"line":292},"31":{"loc":{"start":{"line":298,"column":132},"end":{"line":298,"column":274}},"type":"cond-expr","locations":[{"start":{"line":298,"column":189},"end":{"line":298,"column":238}},{"start":{"line":298,"column":238},"end":{"line":298,"column":274}}],"line":298},"32":{"loc":{"start":{"line":298,"column":132},"end":{"line":298,"column":189}},"type":"binary-expr","locations":[{"start":{"line":298,"column":132},"end":{"line":298,"column":163}},{"start":{"line":298,"column":163},"end":{"line":298,"column":189}}],"line":298},"33":{"loc":{"start":{"line":304,"column":132},"end":{"line":304,"column":275}},"type":"cond-expr","locations":[{"start":{"line":304,"column":190},"end":{"line":304,"column":239}},{"start":{"line":304,"column":239},"end":{"line":304,"column":275}}],"line":304},"34":{"loc":{"start":{"line":304,"column":132},"end":{"line":304,"column":190}},"type":"binary-expr","locations":[{"start":{"line":304,"column":132},"end":{"line":304,"column":163}},{"start":{"line":304,"column":163},"end":{"line":304,"column":190}}],"line":304},"35":{"loc":{"start":{"line":312,"column":132},"end":{"line":312,"column":251}},"type":"cond-expr","locations":[{"start":{"line":312,"column":166},"end":{"line":312,"column":215}},{"start":{"line":312,"column":215},"end":{"line":312,"column":251}}],"line":312},"36":{"loc":{"start":{"line":318,"column":132},"end":{"line":318,"column":246}},"type":"cond-expr","locations":[{"start":{"line":318,"column":161},"end":{"line":318,"column":210}},{"start":{"line":318,"column":210},"end":{"line":318,"column":246}}],"line":318},"37":{"loc":{"start":{"line":324,"column":132},"end":{"line":324,"column":249}},"type":"cond-expr","locations":[{"start":{"line":324,"column":164},"end":{"line":324,"column":213}},{"start":{"line":324,"column":213},"end":{"line":324,"column":249}}],"line":324},"38":{"loc":{"start":{"line":333,"column":9},"end":{"line":368,"column":null}},"type":"binary-expr","locations":[{"start":{"line":333,"column":9},"end":{"line":333,"column":null}},{"start":{"line":334,"column":10},"end":{"line":368,"column":null}}],"line":333},"39":{"loc":{"start":{"line":340,"column":58},"end":{"line":340,"column":215}},"type":"cond-expr","locations":[{"start":{"line":340,"column":81},"end":{"line":340,"column":152}},{"start":{"line":340,"column":152},"end":{"line":340,"column":215}}],"line":340},"40":{"loc":{"start":{"line":351,"column":58},"end":{"line":351,"column":221}},"type":"cond-expr","locations":[{"start":{"line":351,"column":87},"end":{"line":351,"column":158}},{"start":{"line":351,"column":158},"end":{"line":351,"column":221}}],"line":351},"41":{"loc":{"start":{"line":362,"column":58},"end":{"line":362,"column":219}},"type":"cond-expr","locations":[{"start":{"line":362,"column":85},"end":{"line":362,"column":156}},{"start":{"line":362,"column":156},"end":{"line":362,"column":219}}],"line":362},"42":{"loc":{"start":{"line":382,"column":45},"end":{"line":382,"column":108}},"type":"cond-expr","locations":[{"start":{"line":382,"column":60},"end":{"line":382,"column":91}},{"start":{"line":382,"column":91},"end":{"line":382,"column":108}}],"line":382},"43":{"loc":{"start":{"line":383,"column":88},"end":{"line":383,"column":108}},"type":"binary-expr","locations":[{"start":{"line":383,"column":88},"end":{"line":383,"column":103}},{"start":{"line":383,"column":103},"end":{"line":383,"column":108}}],"line":383},"44":{"loc":{"start":{"line":386,"column":13},"end":{"line":444,"column":null}},"type":"binary-expr","locations":[{"start":{"line":386,"column":13},"end":{"line":386,"column":null}},{"start":{"line":387,"column":14},"end":{"line":444,"column":null}}],"line":386},"45":{"loc":{"start":{"line":391,"column":115},"end":{"line":391,"column":144}},"type":"binary-expr","locations":[{"start":{"line":391,"column":115},"end":{"line":391,"column":133}},{"start":{"line":391,"column":133},"end":{"line":391,"column":144}}],"line":391},"46":{"loc":{"start":{"line":418,"column":17},"end":{"line":424,"column":null}},"type":"binary-expr","locations":[{"start":{"line":418,"column":17},"end":{"line":418,"column":null}},{"start":{"line":419,"column":18},"end":{"line":424,"column":null}}],"line":418},"47":{"loc":{"start":{"line":433,"column":17},"end":{"line":442,"column":null}},"type":"binary-expr","locations":[{"start":{"line":433,"column":17},"end":{"line":433,"column":31}},{"start":{"line":433,"column":31},"end":{"line":433,"column":null}},{"start":{"line":434,"column":18},"end":{"line":442,"column":null}}],"line":433},"48":{"loc":{"start":{"line":475,"column":22},"end":{"line":475,"column":null}},"type":"cond-expr","locations":[{"start":{"line":475,"column":41},"end":{"line":475,"column":66}},{"start":{"line":475,"column":66},"end":{"line":475,"column":null}}],"line":475},"49":{"loc":{"start":{"line":477,"column":11},"end":{"line":477,"column":null}},"type":"cond-expr","locations":[{"start":{"line":477,"column":30},"end":{"line":477,"column":50}},{"start":{"line":477,"column":50},"end":{"line":477,"column":null}}],"line":477},"50":{"loc":{"start":{"line":492,"column":7},"end":{"line":521,"column":null}},"type":"binary-expr","locations":[{"start":{"line":492,"column":7},"end":{"line":492,"column":null}},{"start":{"line":493,"column":8},"end":{"line":521,"column":null}}],"line":492},"51":{"loc":{"start":{"line":507,"column":21},"end":{"line":507,"column":null}},"type":"cond-expr","locations":[{"start":{"line":507,"column":35},"end":{"line":507,"column":47}},{"start":{"line":507,"column":47},"end":{"line":507,"column":null}}],"line":507},"52":{"loc":{"start":{"line":508,"column":26},"end":{"line":508,"column":null}},"type":"cond-expr","locations":[{"start":{"line":508,"column":40},"end":{"line":508,"column":59}},{"start":{"line":508,"column":59},"end":{"line":508,"column":null}}],"line":508},"53":{"loc":{"start":{"line":510,"column":15},"end":{"line":510,"column":null}},"type":"cond-expr","locations":[{"start":{"line":510,"column":29},"end":{"line":510,"column":55}},{"start":{"line":510,"column":55},"end":{"line":510,"column":null}}],"line":510}},"s":{"0":1,"1":33,"2":33,"3":33,"4":33,"5":33,"6":33,"7":33,"8":33,"9":29,"10":28,"11":1,"12":1,"13":1,"14":33,"15":33,"16":1,"17":1,"18":1,"19":0,"20":33,"21":3,"22":3,"23":3,"24":33,"25":0,"26":33,"27":0,"28":33,"29":0,"30":33,"31":1,"32":1,"33":1,"34":0,"35":0,"36":0,"37":0,"38":0,"39":0,"40":0,"41":0,"42":0,"43":0,"44":0,"45":0,"46":0,"47":0,"48":0,"49":0,"50":0,"51":0,"52":0,"53":0,"54":0,"55":0,"56":0,"57":0,"58":0,"59":0,"60":1,"61":1,"62":0,"63":0,"64":2,"65":2,"66":1,"67":1,"68":0,"69":0,"70":0,"71":0,"72":0,"73":0,"74":0,"75":0,"76":0,"77":0,"78":0,"79":0},"f":{"0":33,"1":29,"2":33,"3":1,"4":3,"5":0,"6":0,"7":0,"8":1,"9":1,"10":0,"11":0,"12":0,"13":0,"14":0,"15":0,"16":0,"17":0,"18":0,"19":0,"20":1,"21":0,"22":2,"23":1,"24":0,"25":0,"26":0,"27":0,"28":0,"29":0},"b":{"0":[33],"1":[33],"2":[33],"3":[33,33],"4":[28,1],"5":[1,0],"6":[1,1],"7":[0,1],"8":[1,1],"9":[3,30],"10":[33,32],"11":[33,0],"12":[33,33],"13":[33,0],"14":[33,0],"15":[33,0],"16":[33,0],"17":[33,0],"18":[33,0],"19":[33,0],"20":[33,0],"21":[33,0],"22":[33,1],"23":[1,0],"24":[1,0],"25":[0,0],"26":[0,0],"27":[0,1],"28":[0,1],"29":[0,1],"30":[1,0],"31":[0,1],"32":[1,0],"33":[0,1],"34":[1,0],"35":[0,1],"36":[0,1],"37":[0,1],"38":[33,2],"39":[2,0],"40":[0,2],"41":[0,2],"42":[1,32],"43":[33,0],"44":[33,2],"45":[2,0],"46":[2,0],"47":[2,0,0],"48":[1,32],"49":[1,32],"50":[33,1],"51":[0,1],"52":[0,1],"53":[0,1]},"meta":{"lastBranch":54,"lastFunction":30,"lastStatement":80,"seen":{"s:79:47:525:Infinity":0,"f:79:47:79:48":0,"b:105:13:105:Infinity":0,"b:106:14:106:Infinity":1,"b:108:14:108:Infinity":2,"s:110:12:110:Infinity":1,"s:113:36:113:Infinity":2,"s:114:38:114:Infinity":3,"s:115:34:115:Infinity":4,"s:116:8:116:Infinity":5,"s:117:8:117:Infinity":6,"s:118:21:118:Infinity":7,"b:118:21:118:54:118:54:118:Infinity":3,"s:120:2:129:Infinity":8,"f:120:12:120:18":1,"b:121:4:121:Infinity:undefined:undefined:undefined:undefined":4,"s:121:4:121:Infinity":9,"s:121:21:121:Infinity":10,"s:124:4:124:Infinity":11,"s:127:20:127:Infinity":12,"s:128:4:128:Infinity":13,"s:132:2:145:Infinity":14,"f:132:12:132:18":2,"s:133:31:140:Infinity":15,"f:133:31:133:32":3,"b:134:6:136:Infinity:undefined:undefined:undefined:undefined":5,"s:134:6:136:Infinity":16,"b:134:10:134:33:134:33:134:86":6,"s:135:8:135:Infinity":17,"b:137:6:139:Infinity:undefined:undefined:undefined:undefined":7,"s:137:6:139:Infinity":18,"b:137:10:137:31:137:31:137:82":8,"s:138:8:138:Infinity":19,"b:141:4:144:Infinity:undefined:undefined:undefined:undefined":9,"s:141:4:144:Infinity":20,"b:141:8:141:24:141:24:141:36":10,"s:142:6:142:Infinity":21,"s:143:6:143:Infinity":22,"f:143:13:143:19":4,"s:143:19:143:Infinity":23,"s:147:25:147:Infinity":24,"f:147:25:147:31":5,"s:147:31:147:Infinity":25,"s:148:25:148:Infinity":26,"f:148:25:148:31":6,"s:148:31:148:Infinity":27,"s:149:22:149:Infinity":28,"f:149:22:149:28":7,"s:149:28:149:Infinity":29,"s:151:2:523:Infinity":30,"f:171:22:171:23":8,"s:171:29:171:Infinity":31,"f:227:21:227:22":9,"s:227:30:227:51":32,"s:227:51:227:83":33,"b:229:19:229:33:229:33:229:Infinity":11,"b:231:13:231:45:231:45:231:Infinity":12,"b:232:13:232:44:232:44:232:Infinity":13,"b:233:13:233:46:233:46:233:Infinity":14,"b:234:13:234:44:234:44:234:Infinity":15,"b:235:13:235:46:235:46:235:Infinity":16,"b:236:13:236:43:236:43:236:Infinity":17,"b:237:13:237:48:237:48:237:Infinity":18,"b:238:13:238:43:238:43:238:Infinity":19,"b:239:13:239:46:239:46:239:Infinity":20,"b:240:74:240:103:240:103:240:112":21,"b:243:11:243:Infinity:244:12:328:Infinity":22,"b:248:113:248:127:248:127:248:139":23,"f:252:25:252:31":10,"s:253:18:253:Infinity":34,"s:254:18:254:Infinity":35,"s:255:18:255:Infinity":36,"b:257:163:257:212:257:212:257:248":24,"f:262:25:262:31":11,"s:263:18:263:Infinity":37,"b:265:18:271:Infinity:267:18:271:Infinity":25,"s:265:18:271:Infinity":38,"s:266:20:266:Infinity":39,"b:267:18:271:Infinity:undefined:undefined:undefined:undefined":26,"s:267:18:271:Infinity":40,"s:270:20:270:Infinity":41,"s:272:18:272:Infinity":42,"b:274:162:274:211:274:211:274:247":27,"f:279:25:279:31":12,"s:280:18:280:Infinity":43,"s:281:18:281:Infinity":44,"s:282:18:282:Infinity":45,"b:284:164:284:213:284:213:284:249":28,"f:291:25:291:31":13,"s:291:33:291:64":46,"s:291:64:291:88":47,"b:292:189:292:238:292:238:292:274":29,"b:292:132:292:163:292:163:292:189":30,"f:297:25:297:31":14,"s:297:33:297:65":48,"s:297:65:297:89":49,"b:298:189:298:238:298:238:298:274":31,"b:298:132:298:163:298:163:298:189":32,"f:303:25:303:31":15,"s:303:33:303:66":50,"s:303:66:303:90":51,"b:304:190:304:239:304:239:304:275":33,"b:304:132:304:163:304:163:304:190":34,"f:311:25:311:31":16,"s:311:33:311:66":52,"s:311:66:311:90":53,"b:312:166:312:215:312:215:312:251":35,"f:317:25:317:31":17,"s:317:33:317:61":54,"s:317:61:317:85":55,"b:318:161:318:210:318:210:318:246":36,"f:323:25:323:31":18,"s:323:33:323:64":56,"s:323:64:323:88":57,"b:324:164:324:213:324:213:324:249":37,"b:333:9:333:Infinity:334:10:368:Infinity":38,"f:336:23:336:29":19,"s:337:16:337:Infinity":58,"s:338:16:338:Infinity":59,"b:340:81:340:152:340:152:340:215":39,"f:347:23:347:29":20,"s:348:16:348:Infinity":60,"s:349:16:349:Infinity":61,"b:351:87:351:158:351:158:351:221":40,"f:358:23:358:29":21,"s:359:16:359:Infinity":62,"s:360:16:360:Infinity":63,"b:362:85:362:156:362:156:362:219":41,"f:377:23:377:24":22,"s:377:32:377:53":64,"s:377:53:377:81":65,"b:382:60:382:91:382:91:382:108":42,"b:383:88:383:103:383:103:383:108":43,"b:386:13:386:Infinity:387:14:444:Infinity":44,"b:391:115:391:133:391:133:391:144":45,"f:394:27:394:33":23,"s:394:35:394:49":66,"s:394:49:394:71":67,"f:400:27:400:33":24,"s:400:35:400:49":68,"s:400:49:400:71":69,"f:407:27:407:33":25,"s:407:35:407:56":70,"s:407:56:407:78":71,"f:413:27:413:33":26,"s:413:35:413:53":72,"s:413:53:413:75":73,"b:418:17:418:Infinity:419:18:424:Infinity":46,"f:420:29:420:35":27,"s:420:37:420:59":74,"s:420:59:420:81":75,"f:427:27:427:33":28,"s:427:35:427:51":76,"s:427:51:427:73":77,"b:433:17:433:31:433:31:433:Infinity:434:18:442:Infinity":47,"f:437:31:437:37":29,"s:437:39:437:63":78,"s:437:63:437:85":79,"b:475:41:475:66:475:66:475:Infinity":48,"b:477:30:477:50:477:50:477:Infinity":49,"b:492:7:492:Infinity:493:8:521:Infinity":50,"b:507:35:507:47:507:47:507:Infinity":51,"b:508:40:508:59:508:59:508:Infinity":52,"b:510:29:510:55:510:55:510:Infinity":53}}}
,"I:\\github_program\\claude-code-router\\TashaStone\\components\\WikiLink.tsx": {"path":"I:\\github_program\\claude-code-router\\TashaStone\\components\\WikiLink.tsx","statementMap":{"0":{"start":{"line":14,"column":49},"end":{"line":114,"column":null}},"1":{"start":{"line":15,"column":36},"end":{"line":15,"column":null}},"2":{"start":{"line":16,"column":34},"end":{"line":16,"column":null}},"3":{"start":{"line":17,"column":8},"end":{"line":17,"column":null}},"4":{"start":{"line":19,"column":21},"end":{"line":19,"column":null}},"5":{"start":{"line":20,"column":27},"end":{"line":20,"column":null}},"6":{"start":{"line":22,"column":21},"end":{"line":22,"column":null}},"7":{"start":{"line":23,"column":25},"end":{"line":23,"column":null}},"8":{"start":{"line":25,"column":2},"end":{"line":30,"column":null}},"9":{"start":{"line":26,"column":4},"end":{"line":29,"column":null}},"10":{"start":{"line":27,"column":12},"end":{"line":27,"column":null}},"11":{"start":{"line":28,"column":6},"end":{"line":28,"column":null}},"12":{"start":{"line":32,"column":27},"end":{"line":38,"column":null}},"13":{"start":{"line":33,"column":4},"end":{"line":33,"column":null}},"14":{"start":{"line":33,"column":38},"end":{"line":33,"column":null}},"15":{"start":{"line":34,"column":4},"end":{"line":34,"column":null}},"16":{"start":{"line":34,"column":28},"end":{"line":34,"column":null}},"17":{"start":{"line":35,"column":4},"end":{"line":37,"column":null}},"18":{"start":{"line":36,"column":6},"end":{"line":36,"column":null}},"19":{"start":{"line":40,"column":27},"end":{"line":43,"column":null}},"20":{"start":{"line":41,"column":4},"end":{"line":41,"column":null}},"21":{"start":{"line":41,"column":28},"end":{"line":41,"column":null}},"22":{"start":{"line":42,"column":4},"end":{"line":42,"column":null}},"23":{"start":{"line":45,"column":22},"end":{"line":55,"column":null}},"24":{"start":{"line":46,"column":4},"end":{"line":46,"column":null}},"25":{"start":{"line":47,"column":4},"end":{"line":50,"column":null}},"26":{"start":{"line":48,"column":6},"end":{"line":48,"column":null}},"27":{"start":{"line":49,"column":6},"end":{"line":49,"column":null}},"28":{"start":{"line":52,"column":4},"end":{"line":54,"column":null}},"29":{"start":{"line":53,"column":6},"end":{"line":53,"column":null}},"30":{"start":{"line":57,"column":2},"end":{"line":68,"column":null}},"31":{"start":{"line":58,"column":4},"end":{"line":66,"column":null}},"32":{"start":{"line":70,"column":2},"end":{"line":81,"column":null}},"33":{"start":{"line":71,"column":4},"end":{"line":79,"column":null}},"34":{"start":{"line":83,"column":2},"end":{"line":112,"column":null}}},"fnMap":{"0":{"name":"(anonymous_0)","decl":{"start":{"line":14,"column":49},"end":{"line":14,"column":50}},"loc":{"start":{"line":14,"column":92},"end":{"line":114,"column":null}},"line":14},"1":{"name":"(anonymous_1)","decl":{"start":{"line":25,"column":12},"end":{"line":25,"column":18}},"loc":{"start":{"line":25,"column":18},"end":{"line":30,"column":5}},"line":25},"2":{"name":"(anonymous_2)","decl":{"start":{"line":32,"column":27},"end":{"line":32,"column":33}},"loc":{"start":{"line":32,"column":33},"end":{"line":38,"column":null}},"line":32},"3":{"name":"(anonymous_3)","decl":{"start":{"line":35,"column":36},"end":{"line":35,"column":42}},"loc":{"start":{"line":35,"column":42},"end":{"line":37,"column":7}},"line":35},"4":{"name":"(anonymous_4)","decl":{"start":{"line":40,"column":27},"end":{"line":40,"column":33}},"loc":{"start":{"line":40,"column":33},"end":{"line":43,"column":null}},"line":40},"5":{"name":"(anonymous_5)","decl":{"start":{"line":45,"column":22},"end":{"line":45,"column":23}},"loc":{"start":{"line":45,"column":47},"end":{"line":55,"column":null}},"line":45}},"branchMap":{"0":{"loc":{"start":{"line":20,"column":27},"end":{"line":20,"column":null}},"type":"binary-expr","locations":[{"start":{"line":20,"column":27},"end":{"line":20,"column":56}},{"start":{"line":20,"column":56},"end":{"line":20,"column":null}}],"line":20},"1":{"loc":{"start":{"line":26,"column":4},"end":{"line":29,"column":null}},"type":"if","locations":[{"start":{"line":26,"column":4},"end":{"line":29,"column":null}},{"start":{},"end":{}}],"line":26},"2":{"loc":{"start":{"line":26,"column":8},"end":{"line":26,"column":60}},"type":"binary-expr","locations":[{"start":{"line":26,"column":8},"end":{"line":26,"column":28}},{"start":{"line":26,"column":28},"end":{"line":26,"column":43}},{"start":{"line":26,"column":43},"end":{"line":26,"column":60}}],"line":26},"3":{"loc":{"start":{"line":27,"column":44},"end":{"line":27,"column":62}},"type":"binary-expr","locations":[{"start":{"line":27,"column":44},"end":{"line":27,"column":58}},{"start":{"line":27,"column":58},"end":{"line":27,"column":62}}],"line":27},"4":{"loc":{"start":{"line":28,"column":20},"end":{"line":28,"column":32}},"type":"binary-expr","locations":[{"start":{"line":28,"column":20},"end":{"line":28,"column":28}},{"start":{"line":28,"column":28},"end":{"line":28,"column":32}}],"line":28},"5":{"loc":{"start":{"line":33,"column":4},"end":{"line":33,"column":null}},"type":"if","locations":[{"start":{"line":33,"column":4},"end":{"line":33,"column":null}},{"start":{},"end":{}}],"line":33},"6":{"loc":{"start":{"line":33,"column":8},"end":{"line":33,"column":38}},"type":"binary-expr","locations":[{"start":{"line":33,"column":8},"end":{"line":33,"column":22}},{"start":{"line":33,"column":22},"end":{"line":33,"column":38}}],"line":33},"7":{"loc":{"start":{"line":34,"column":4},"end":{"line":34,"column":null}},"type":"if","locations":[{"start":{"line":34,"column":4},"end":{"line":34,"column":null}},{"start":{},"end":{}}],"line":34},"8":{"loc":{"start":{"line":41,"column":4},"end":{"line":41,"column":null}},"type":"if","locations":[{"start":{"line":41,"column":4},"end":{"line":41,"column":null}},{"start":{},"end":{}}],"line":41},"9":{"loc":{"start":{"line":47,"column":4},"end":{"line":50,"column":null}},"type":"if","locations":[{"start":{"line":47,"column":4},"end":{"line":50,"column":null}},{"start":{},"end":{}}],"line":47},"10":{"loc":{"start":{"line":47,"column":8},"end":{"line":47,"column":38}},"type":"binary-expr","locations":[{"start":{"line":47,"column":8},"end":{"line":47,"column":22}},{"start":{"line":47,"column":22},"end":{"line":47,"column":38}}],"line":47},"11":{"loc":{"start":{"line":48,"column":17},"end":{"line":48,"column":33}},"type":"binary-expr","locations":[{"start":{"line":48,"column":17},"end":{"line":48,"column":31}},{"start":{"line":48,"column":31},"end":{"line":48,"column":33}}],"line":48},"12":{"loc":{"start":{"line":52,"column":4},"end":{"line":54,"column":null}},"type":"if","locations":[{"start":{"line":52,"column":4},"end":{"line":54,"column":null}},{"start":{},"end":{}}],"line":52},"13":{"loc":{"start":{"line":57,"column":2},"end":{"line":68,"column":null}},"type":"if","locations":[{"start":{"line":57,"column":2},"end":{"line":68,"column":null}},{"start":{},"end":{}}],"line":57},"14":{"loc":{"start":{"line":70,"column":2},"end":{"line":81,"column":null}},"type":"if","locations":[{"start":{"line":70,"column":2},"end":{"line":81,"column":null}},{"start":{},"end":{}}],"line":70},"15":{"loc":{"start":{"line":90,"column":14},"end":{"line":92,"column":92}},"type":"cond-expr","locations":[{"start":{"line":91,"column":18},"end":{"line":91,"column":null}},{"start":{"line":92,"column":18},"end":{"line":92,"column":92}}],"line":90},"16":{"loc":{"start":{"line":98,"column":7},"end":{"line":110,"column":null}},"type":"binary-expr","locations":[{"start":{"line":98,"column":7},"end":{"line":98,"column":22}},{"start":{"line":98,"column":22},"end":{"line":98,"column":null}},{"start":{"line":99,"column":8},"end":{"line":110,"column":null}}],"line":98}},"s":{"0":1,"1":7,"2":7,"3":7,"4":7,"5":7,"6":7,"7":7,"8":7,"9":4,"10":4,"11":4,"12":7,"13":1,"14":0,"15":1,"16":0,"17":1,"18":0,"19":7,"20":0,"21":0,"22":0,"23":7,"24":1,"25":1,"26":0,"27":0,"28":1,"29":1,"30":7,"31":0,"32":7,"33":0,"34":7},"f":{"0":7,"1":4,"2":1,"3":0,"4":0,"5":1},"b":{"0":[7,0],"1":[4,0],"2":[4,4,4],"3":[4,0],"4":[4,1],"5":[0,1],"6":[1,1],"7":[0,1],"8":[0,0],"9":[0,1],"10":[1,1],"11":[0,0],"12":[1,0],"13":[0,7],"14":[0,7],"15":[3,4],"16":[7,0,0]},"meta":{"lastBranch":17,"lastFunction":6,"lastStatement":35,"seen":{"s:14:49:114:Infinity":0,"f:14:49:14:50":0,"s:15:36:15:Infinity":1,"s:16:34:16:Infinity":2,"s:17:8:17:Infinity":3,"s:19:21:19:Infinity":4,"s:20:27:20:Infinity":5,"b:20:27:20:56:20:56:20:Infinity":0,"s:22:21:22:Infinity":6,"s:23:25:23:Infinity":7,"s:25:2:30:Infinity":8,"f:25:12:25:18":1,"b:26:4:29:Infinity:undefined:undefined:undefined:undefined":1,"s:26:4:29:Infinity":9,"b:26:8:26:28:26:28:26:43:26:43:26:60":2,"s:27:12:27:Infinity":10,"b:27:44:27:58:27:58:27:62":3,"s:28:6:28:Infinity":11,"b:28:20:28:28:28:28:28:32":4,"s:32:27:38:Infinity":12,"f:32:27:32:33":2,"b:33:4:33:Infinity:undefined:undefined:undefined:undefined":5,"s:33:4:33:Infinity":13,"b:33:8:33:22:33:22:33:38":6,"s:33:38:33:Infinity":14,"b:34:4:34:Infinity:undefined:undefined:undefined:undefined":7,"s:34:4:34:Infinity":15,"s:34:28:34:Infinity":16,"s:35:4:37:Infinity":17,"f:35:36:35:42":3,"s:36:6:36:Infinity":18,"s:40:27:43:Infinity":19,"f:40:27:40:33":4,"b:41:4:41:Infinity:undefined:undefined:undefined:undefined":8,"s:41:4:41:Infinity":20,"s:41:28:41:Infinity":21,"s:42:4:42:Infinity":22,"s:45:22:55:Infinity":23,"f:45:22:45:23":5,"s:46:4:46:Infinity":24,"b:47:4:50:Infinity:undefined:undefined:undefined:undefined":9,"s:47:4:50:Infinity":25,"b:47:8:47:22:47:22:47:38":10,"s:48:6:48:Infinity":26,"b:48:17:48:31:48:31:48:33":11,"s:49:6:49:Infinity":27,"b:52:4:54:Infinity:undefined:undefined:undefined:undefined":12,"s:52:4:54:Infinity":28,"s:53:6:53:Infinity":29,"b:57:2:68:Infinity:undefined:undefined:undefined:undefined":13,"s:57:2:68:Infinity":30,"s:58:4:66:Infinity":31,"b:70:2:81:Infinity:undefined:undefined:undefined:undefined":14,"s:70:2:81:Infinity":32,"s:71:4:79:Infinity":33,"s:83:2:112:Infinity":34,"b:91:18:91:Infinity:92:18:92:92":15,"b:98:7:98:22:98:22:98:Infinity:99:8:110:Infinity":16}}}
,"I:\\github_program\\claude-code-router\\TashaStone\\services\\themeService.ts": {"path":"I:\\github_program\\claude-code-router\\TashaStone\\services\\themeService.ts","statementMap":{"0":{"start":{"line":5,"column":42},"end":{"line":225,"column":null}},"1":{"start":{"line":227,"column":26},"end":{"line":246,"column":null}},"2":{"start":{"line":228,"column":15},"end":{"line":228,"column":null}},"3":{"start":{"line":231,"column":2},"end":{"line":233,"column":null}},"4":{"start":{"line":232,"column":4},"end":{"line":232,"column":null}},"5":{"start":{"line":236,"column":2},"end":{"line":240,"column":null}},"6":{"start":{"line":237,"column":4},"end":{"line":237,"column":null}},"7":{"start":{"line":239,"column":4},"end":{"line":239,"column":null}},"8":{"start":{"line":243,"column":2},"end":{"line":243,"column":null}},"9":{"start":{"line":245,"column":2},"end":{"line":245,"column":null}},"10":{"start":{"line":248,"column":31},"end":{"line":250,"column":null}},"11":{"start":{"line":249,"column":2},"end":{"line":249,"column":null}},"12":{"start":{"line":252,"column":41},"end":{"line":254,"column":null}},"13":{"start":{"line":253,"column":2},"end":{"line":253,"column":null}},"14":{"start":{"line":256,"column":28},"end":{"line":265,"column":null}},"15":{"start":{"line":257,"column":17},"end":{"line":257,"column":null}},"16":{"start":{"line":258,"column":33},"end":{"line":258,"column":null}},"17":{"start":{"line":259,"column":2},"end":{"line":263,"column":null}},"18":{"start":{"line":260,"column":4},"end":{"line":262,"column":null}},"19":{"start":{"line":261,"column":6},"end":{"line":261,"column":null}},"20":{"start":{"line":262,"column":18},"end":{"line":262,"column":68}},"21":{"start":{"line":264,"column":2},"end":{"line":264,"column":null}},"22":{"start":{"line":267,"column":31},"end":{"line":279,"column":null}},"23":{"start":{"line":268,"column":17},"end":{"line":268,"column":null}},"24":{"start":{"line":269,"column":33},"end":{"line":269,"column":null}},"25":{"start":{"line":270,"column":2},"end":{"line":274,"column":null}},"26":{"start":{"line":271,"column":4},"end":{"line":273,"column":null}},"27":{"start":{"line":272,"column":6},"end":{"line":272,"column":null}},"28":{"start":{"line":276,"column":2},"end":{"line":276,"column":null}},"29":{"start":{"line":276,"column":42},"end":{"line":276,"column":59}},"30":{"start":{"line":277,"column":2},"end":{"line":277,"column":null}},"31":{"start":{"line":278,"column":2},"end":{"line":278,"column":null}},"32":{"start":{"line":281,"column":33},"end":{"line":288,"column":null}},"33":{"start":{"line":282,"column":18},"end":{"line":282,"column":null}},"34":{"start":{"line":283,"column":2},"end":{"line":287,"column":null}},"35":{"start":{"line":284,"column":35},"end":{"line":284,"column":null}},"36":{"start":{"line":285,"column":4},"end":{"line":285,"column":null}},"37":{"start":{"line":285,"column":44},"end":{"line":285,"column":55}},"38":{"start":{"line":286,"column":4},"end":{"line":286,"column":null}}},"fnMap":{"0":{"name":"(anonymous_0)","decl":{"start":{"line":227,"column":26},"end":{"line":227,"column":27}},"loc":{"start":{"line":227,"column":47},"end":{"line":246,"column":null}},"line":227},"1":{"name":"(anonymous_1)","decl":{"start":{"line":231,"column":39},"end":{"line":231,"column":40}},"loc":{"start":{"line":231,"column":57},"end":{"line":233,"column":3}},"line":231},"2":{"name":"(anonymous_2)","decl":{"start":{"line":248,"column":31},"end":{"line":248,"column":45}},"loc":{"start":{"line":248,"column":45},"end":{"line":250,"column":null}},"line":248},"3":{"name":"(anonymous_3)","decl":{"start":{"line":252,"column":41},"end":{"line":252,"column":42}},"loc":{"start":{"line":252,"column":84},"end":{"line":254,"column":null}},"line":252},"4":{"name":"(anonymous_4)","decl":{"start":{"line":256,"column":28},"end":{"line":256,"column":46}},"loc":{"start":{"line":256,"column":46},"end":{"line":265,"column":null}},"line":256},"5":{"name":"(anonymous_5)","decl":{"start":{"line":267,"column":31},"end":{"line":267,"column":32}},"loc":{"start":{"line":267,"column":52},"end":{"line":279,"column":null}},"line":267},"6":{"name":"(anonymous_6)","decl":{"start":{"line":276,"column":37},"end":{"line":276,"column":42}},"loc":{"start":{"line":276,"column":42},"end":{"line":276,"column":59}},"line":276},"7":{"name":"(anonymous_7)","decl":{"start":{"line":281,"column":33},"end":{"line":281,"column":34}},"loc":{"start":{"line":281,"column":49},"end":{"line":288,"column":null}},"line":281},"8":{"name":"(anonymous_8)","decl":{"start":{"line":285,"column":39},"end":{"line":285,"column":44}},"loc":{"start":{"line":285,"column":44},"end":{"line":285,"column":55}},"line":285}},"branchMap":{"0":{"loc":{"start":{"line":236,"column":2},"end":{"line":240,"column":null}},"type":"if","locations":[{"start":{"line":236,"column":2},"end":{"line":240,"column":null}},{"start":{"line":238,"column":9},"end":{"line":240,"column":null}}],"line":236},"1":{"loc":{"start":{"line":249,"column":9},"end":{"line":249,"column":null}},"type":"binary-expr","locations":[{"start":{"line":249,"column":9},"end":{"line":249,"column":57}},{"start":{"line":249,"column":57},"end":{"line":249,"column":null}}],"line":249},"2":{"loc":{"start":{"line":259,"column":2},"end":{"line":263,"column":null}},"type":"if","locations":[{"start":{"line":259,"column":2},"end":{"line":263,"column":null}},{"start":{},"end":{}}],"line":259},"3":{"loc":{"start":{"line":270,"column":2},"end":{"line":274,"column":null}},"type":"if","locations":[{"start":{"line":270,"column":2},"end":{"line":274,"column":null}},{"start":{},"end":{}}],"line":270},"4":{"loc":{"start":{"line":283,"column":2},"end":{"line":287,"column":null}},"type":"if","locations":[{"start":{"line":283,"column":2},"end":{"line":287,"column":null}},{"start":{},"end":{}}],"line":283}},"s":{"0":1,"1":1,"2":5,"3":5,"4":105,"5":5,"6":4,"7":1,"8":5,"9":5,"10":1,"11":2,"12":1,"13":3,"14":1,"15":3,"16":3,"17":3,"18":2,"19":2,"20":1,"21":3,"22":1,"23":4,"24":4,"25":4,"26":1,"27":1,"28":4,"29":1,"30":4,"31":4,"32":1,"33":2,"34":2,"35":1,"36":1,"37":1,"38":1},"f":{"0":5,"1":105,"2":2,"3":3,"4":3,"5":4,"6":1,"7":2,"8":1},"b":{"0":[4,1],"1":[2,1],"2":[2,1],"3":[1,3],"4":[1,1]},"meta":{"lastBranch":5,"lastFunction":9,"lastStatement":39,"seen":{"s:5:42:225:Infinity":0,"s:227:26:246:Infinity":1,"f:227:26:227:27":0,"s:228:15:228:Infinity":2,"s:231:2:233:Infinity":3,"f:231:39:231:40":1,"s:232:4:232:Infinity":4,"b:236:2:240:Infinity:238:9:240:Infinity":0,"s:236:2:240:Infinity":5,"s:237:4:237:Infinity":6,"s:239:4:239:Infinity":7,"s:243:2:243:Infinity":8,"s:245:2:245:Infinity":9,"s:248:31:250:Infinity":10,"f:248:31:248:45":2,"s:249:2:249:Infinity":11,"b:249:9:249:57:249:57:249:Infinity":1,"s:252:41:254:Infinity":12,"f:252:41:252:42":3,"s:253:2:253:Infinity":13,"s:256:28:265:Infinity":14,"f:256:28:256:46":4,"s:257:17:257:Infinity":15,"s:258:33:258:Infinity":16,"b:259:2:263:Infinity:undefined:undefined:undefined:undefined":2,"s:259:2:263:Infinity":17,"s:260:4:262:Infinity":18,"s:261:6:261:Infinity":19,"s:262:18:262:68":20,"s:264:2:264:Infinity":21,"s:267:31:279:Infinity":22,"f:267:31:267:32":5,"s:268:17:268:Infinity":23,"s:269:33:269:Infinity":24,"b:270:2:274:Infinity:undefined:undefined:undefined:undefined":3,"s:270:2:274:Infinity":25,"s:271:4:273:Infinity":26,"s:272:6:272:Infinity":27,"s:276:2:276:Infinity":28,"f:276:37:276:42":6,"s:276:42:276:59":29,"s:277:2:277:Infinity":30,"s:278:2:278:Infinity":31,"s:281:33:288:Infinity":32,"f:281:33:281:34":7,"s:282:18:282:Infinity":33,"b:283:2:287:Infinity:undefined:undefined:undefined:undefined":4,"s:283:2:287:Infinity":34,"s:284:35:284:Infinity":35,"s:285:4:285:Infinity":36,"f:285:39:285:44":8,"s:285:44:285:55":37,"s:286:4:286:Infinity":38}}}
,"I:\\github_program\\claude-code-router\\TashaStone\\services\\toolSelector.ts": {"path":"I:\\github_program\\claude-code-router\\TashaStone\\services\\toolSelector.ts","statementMap":{"0":{"start":{"line":62,"column":19},"end":{"line":62,"column":null}},"1":{"start":{"line":63,"column":20},"end":{"line":67,"column":null}},"2":{"start":{"line":63,"column":39},"end":{"line":67,"column":6}},"3":{"start":{"line":70,"column":4},"end":{"line":70,"column":null}},"4":{"start":{"line":70,"column":27},"end":{"line":70,"column":44}},"5":{"start":{"line":73,"column":4},"end":{"line":73,"column":null}},"6":{"start":{"line":75,"column":4},"end":{"line":81,"column":null}},"7":{"start":{"line":89,"column":40},"end":{"line":89,"column":null}},"8":{"start":{"line":90,"column":4},"end":{"line":92,"column":null}},"9":{"start":{"line":91,"column":6},"end":{"line":91,"column":null}},"10":{"start":{"line":94,"column":4},"end":{"line":94,"column":null}},"11":{"start":{"line":101,"column":19},"end":{"line":101,"column":null}},"12":{"start":{"line":102,"column":26},"end":{"line":102,"column":null}},"13":{"start":{"line":103,"column":4},"end":{"line":103,"column":null}},"14":{"start":{"line":116,"column":4},"end":{"line":116,"column":null}},"15":{"start":{"line":117,"column":4},"end":{"line":117,"column":null}},"16":{"start":{"line":118,"column":4},"end":{"line":122,"column":null}},"17":{"start":{"line":119,"column":6},"end":{"line":119,"column":null}},"18":{"start":{"line":121,"column":6},"end":{"line":121,"column":null}},"19":{"start":{"line":125,"column":4},"end":{"line":130,"column":null}},"20":{"start":{"line":126,"column":6},"end":{"line":126,"column":null}},"21":{"start":{"line":127,"column":6},"end":{"line":129,"column":null}},"22":{"start":{"line":128,"column":8},"end":{"line":128,"column":null}},"23":{"start":{"line":137,"column":23},"end":{"line":137,"column":null}},"24":{"start":{"line":140,"column":23},"end":{"line":153,"column":null}},"25":{"start":{"line":141,"column":6},"end":{"line":152,"column":null}},"26":{"start":{"line":143,"column":8},"end":{"line":145,"column":null}},"27":{"start":{"line":144,"column":10},"end":{"line":144,"column":null}},"28":{"start":{"line":147,"column":8},"end":{"line":149,"column":null}},"29":{"start":{"line":148,"column":10},"end":{"line":148,"column":null}},"30":{"start":{"line":151,"column":8},"end":{"line":151,"column":null}},"31":{"start":{"line":156,"column":25},"end":{"line":159,"column":null}},"32":{"start":{"line":160,"column":26},"end":{"line":164,"column":null}},"33":{"start":{"line":161,"column":6},"end":{"line":161,"column":null}},"34":{"start":{"line":161,"column":28},"end":{"line":161,"column":null}},"35":{"start":{"line":162,"column":6},"end":{"line":162,"column":null}},"36":{"start":{"line":162,"column":38},"end":{"line":162,"column":null}},"37":{"start":{"line":163,"column":6},"end":{"line":163,"column":null}},"38":{"start":{"line":165,"column":4},"end":{"line":165,"column":null}},"39":{"start":{"line":166,"column":4},"end":{"line":168,"column":null}},"40":{"start":{"line":167,"column":6},"end":{"line":167,"column":null}},"41":{"start":{"line":171,"column":29},"end":{"line":175,"column":null}},"42":{"start":{"line":176,"column":30},"end":{"line":180,"column":null}},"43":{"start":{"line":177,"column":6},"end":{"line":177,"column":null}},"44":{"start":{"line":177,"column":28},"end":{"line":177,"column":null}},"45":{"start":{"line":178,"column":6},"end":{"line":178,"column":null}},"46":{"start":{"line":178,"column":38},"end":{"line":178,"column":null}},"47":{"start":{"line":179,"column":6},"end":{"line":179,"column":null}},"48":{"start":{"line":181,"column":4},"end":{"line":181,"column":null}},"49":{"start":{"line":182,"column":4},"end":{"line":184,"column":null}},"50":{"start":{"line":183,"column":6},"end":{"line":183,"column":null}},"51":{"start":{"line":187,"column":25},"end":{"line":190,"column":null}},"52":{"start":{"line":191,"column":4},"end":{"line":193,"column":null}},"53":{"start":{"line":192,"column":6},"end":{"line":192,"column":null}},"54":{"start":{"line":196,"column":24},"end":{"line":200,"column":null}},"55":{"start":{"line":203,"column":4},"end":{"line":205,"column":null}},"56":{"start":{"line":204,"column":6},"end":{"line":204,"column":null}},"57":{"start":{"line":208,"column":25},"end":{"line":211,"column":null}},"58":{"start":{"line":212,"column":4},"end":{"line":214,"column":null}},"59":{"start":{"line":213,"column":6},"end":{"line":213,"column":null}},"60":{"start":{"line":217,"column":27},"end":{"line":220,"column":null}},"61":{"start":{"line":221,"column":4},"end":{"line":223,"column":null}},"62":{"start":{"line":222,"column":6},"end":{"line":222,"column":null}},"63":{"start":{"line":225,"column":4},"end":{"line":225,"column":null}},"64":{"start":{"line":232,"column
[...]
nity":3,"b:85:6:88:Infinity:undefined:undefined:undefined:undefined":4,"s:85:6:88:Infinity":26,"s:86:8:86:Infinity":27,"s:87:8:87:Infinity":28,"s:92:4:108:Infinity":29,"s:93:31:93:Infinity":30,"s:96:23:96:Infinity":31,"b:96:23:96:57:96:57:96:Infinity":5,"b:97:6:100:Infinity:undefined:undefined:undefined:undefined":6,"s:97:6:100:Infinity":32,"s:98:8:98:Infinity":33,"s:99:8:99:Infinity":34,"s:103:22:103:Infinity":35,"b:103:22:103:59:103:59:103:Infinity":7,"b:104:6:107:Infinity:undefined:undefined:undefined:undefined":8,"s:104:6:107:Infinity":36,"s:105:8:105:Infinity":37,"s:106:8:106:Infinity":38,"s:111:2:111:Infinity":39,"s:112:2:112:Infinity":40,"s:114:2:114:Infinity":41,"s:117:28:146:Infinity":42,"f:117:28:117:29":3,"s:118:8:118:Infinity":43,"s:119:8:119:Infinity":44,"s:121:32:121:Infinity":45,"s:122:25:122:Infinity":46,"s:124:2:137:Infinity":47,"f:124:26:124:27":4,"b:125:4:136:Infinity:undefined:undefined:undefined:undefined":9,"s:125:4:136:Infinity":48,"b:125:8:125:41:125:41:125:67":10,"s:126:6:135:Infinity":49,"f:126:24:126:36":5,"s:127:27:127:Infinity":50,"f:127:38:127:43":6,"s:127:43:127:60":51,"b:128:8:134:Infinity:undefined:undefined:undefined:undefined":11,"s:128:8:134:Infinity":52,"s:129:10:133:Infinity":53,"s:139:2:145:Infinity":54,"s:148:36:150:Infinity":55,"f:148:36:148:37":7,"s:149:2:149:Infinity":56,"s:159:40:185:Infinity":57,"f:159:40:159:Infinity":8,"b:163:2:165:Infinity:undefined:undefined:undefined:undefined":12,"s:163:2:165:Infinity":58,"b:163:6:163:17:163:17:163:33":13,"s:164:4:164:Infinity":59,"s:167:27:167:Infinity":60,"s:168:26:168:Infinity":61,"s:170:2:184:Infinity":62,"f:170:20:170:25":9,"s:171:17:171:Infinity":63,"s:172:27:172:Infinity":64,"s:174:4:182:Infinity":65,"b:175:6:175:Infinity:176:6:176:Infinity:177:6:177:Infinity:178:6:178:Infinity:179:6:179:Infinity:180:6:180:Infinity:181:6:181:Infinity:182:6:182:Infinity":14,"s:187:35:207:Infinity":66,"f:187:35:187:36":10,"s:188:32:188:Infinity":67,"s:189:25:189:Infinity":68,"s:191:2:204:Infinity":69,"f:191:26:191:27":11,"b:192:4:203:Infinity:undefined:undefined:undefined:undefined":15,"s:192:4:203:Infinity":70,"s:193:6:202:Infinity":71,"f:193:24:193:36":12,"s:194:27:194:Infinity":72,"f:194:38:194:43":13,"s:194:43:194:60":73,"b:195:8:201:Infinity:undefined:undefined:undefined:undefined":16,"s:195:8:201:Infinity":74,"s:196:10:200:Infinity":75,"s:206:2:206:Infinity":76,"s:209:46:215:Infinity":77,"f:209:46:209:47":14,"s:210:2:214:Infinity":78,"f:210:62:210:63":15,"s:211:24:211:Infinity":79,"b:211:24:211:33:211:33:211:Infinity":17,"s:212:17:212:Infinity":80,"s:213:4:213:Infinity":81,"s:217:37:288:Infinity":82,"f:217:37:217:38":16,"s:218:16:224:Infinity":83,"f:218:26:218:32":17,"s:218:32:224:4":84,"s:226:76:226:Infinity":85,"s:229:18:229:Infinity":86,"s:230:18:230:Infinity":87,"f:230:36:230:41":18,"s:230:41:230:50":88,"s:231:18:231:Infinity":89,"s:233:2:235:Infinity":90,"s:234:4:234:Infinity":91,"s:238:22:238:Infinity":92,"s:240:2:243:Infinity":93,"s:241:44:241:Infinity":94,"s:242:4:242:Infinity":95,"s:246:2:263:Infinity":96,"s:247:33:247:Infinity":97,"s:249:4:262:Infinity":98,"s:250:23:250:Infinity":99,"b:251:6:261:Infinity:undefined:undefined:undefined:undefined":18,"s:251:6:261:Infinity":100,"b:251:10:251:22:251:22:251:46":19,"s:252:24:252:Infinity":101,"b:253:8:260:Infinity:undefined:undefined:undefined:undefined":20,"s:253:8:260:Infinity":102,"s:254:10:254:Infinity":103,"s:255:10:259:Infinity":104,"s:266:2:271:Infinity":105,"s:267:23:267:Infinity":106,"s:268:23:268:Infinity":107,"b:269:4:269:Infinity:undefined:undefined:undefined:undefined":21,"s:269:4:269:Infinity":108,"s:269:20:269:Infinity":109,"b:269:38:269:56:269:56:269:61":22,"b:270:4:270:Infinity:undefined:undefined:undefined:undefined":23,"s:270:4:270:Infinity":110,"s:270:20:270:Infinity":111,"b:270:38:270:56:270:56:270:61":24,"s:274:2:285:Infinity":112,"s:275:21:275:Infinity":113,"s:276:17:276:Infinity":114,"b:277:4:284:Infinity:undefined:undefined:undefined:undefined":25,"s:277:4:284:Infinity":115,"b:277:8:277:16:277:16:277:33":26,"s:278:17:278:Infinity":116,"s:279:18:279:Infinity":117,"s:280:6:282:Infinity":118,"s:280:19:280:22":119,"s:281:8:281:Infinity":120,"s:283:6:283:Infinity":121,"s:287:2:287:Infinity":122}}}
,"I:\\github_program\\claude-code-router\\TashaStone\\src\\types\\wiki.ts": {"path":"I:\\github_program\\claude-code-router\\TashaStone\\src\\types\\wiki.ts","statementMap":{"0":{"start":{"line":42,"column":32},"end":{"line":64,"column":null}},"1":{"start":{"line":43,"column":16},"end":{"line":43,"column":null}},"2":{"start":{"line":44,"column":28},"end":{"line":44,"column":null}},"3":{"start":{"line":47,"column":2},"end":{"line":61,"column":null}},"4":{"start":{"line":50,"column":17},"end":{"line":50,"column":null}},"5":{"start":{"line":51,"column":16},"end":{"line":51,"column":null}},"6":{"start":{"line":53,"column":4},"end":{"line":60,"column":null}},"7":{"start":{"line":63,"column":2},"end":{"line":63,"column":null}},"8":{"start":{"line":66,"column":38},"end":{"line":93,"column":null}},"9":{"start":{"line":68,"column":16},"end":{"line":68,"column":null}},"10":{"start":{"line":69,"column":33},"end":{"line":69,"column":null}},"11":{"start":{"line":72,"column":2},"end":{"line":90,"column":null}},"12":{"start":{"line":74,"column":10},"end":{"line":74,"column":null}},"13":{"start":{"line":75,"column":22},"end":{"line":75,"column":null}},"14":{"start":{"line":76,"column":20},"end":{"line":76,"column":null}},"15":{"start":{"line":78,"column":4},"end":{"line":89,"column":null}},"16":{"start":{"line":79,"column":6},"end":{"line":88,"column":null}},"17":{"start":{"line":92,"column":2},"end":{"line":92,"column":null}},"18":{"start":{"line":95,"column":49},"end":{"line":147,"column":null}},"19":{"start":{"line":100,"column":16},"end":{"line":100,"column":null}},"20":{"start":{"line":101,"column":33},"end":{"line":101,"column":null}},"21":{"start":{"line":104,"column":2},"end":{"line":144,"column":null}},"22":{"start":{"line":106,"column":10},"end":{"line":106,"column":null}},"23":{"start":{"line":107,"column":22},"end":{"line":107,"column":null}},"24":{"start":{"line":108,"column":20},"end":{"line":108,"column":null}},"25":{"start":{"line":110,"column":4},"end":{"line":110,"column":null}},"26":{"start":{"line":110,"column":41},"end":{"line":110,"column":null}},"27":{"start":{"line":112,"column":23},"end":{"line":120,"column":null}},"28":{"start":{"line":113,"column":19},"end":{"line":113,"column":null}},"29":{"start":{"line":114,"column":26},"end":{"line":114,"column":null}},"30":{"start":{"line":115,"column":6},"end":{"line":119,"column":null}},"31":{"start":{"line":122,"column":23},"end":{"line":122,"column":null}},"32":{"start":{"line":124,"column":4},"end":{"line":132,"column":null}},"33":{"start":{"line":125,"column":20},"end":{"line":125,"column":null}},"34":{"start":{"line":127,"column":6},"end":{"line":131,"column":null}},"35":{"start":{"line":128,"column":8},"end":{"line":128,"column":null}},"36":{"start":{"line":129,"column":6},"end":{"line":131,"column":null}},"37":{"start":{"line":130,"column":8},"end":{"line":130,"column":null}},"38":{"start":{"line":134,"column":4},"end":{"line":143,"column":null}},"39":{"start":{"line":146,"column":2},"end":{"line":146,"column":null}},"40":{"start":{"line":149,"column":27},"end":{"line":163,"column":null}},"41":{"start":{"line":151,"column":16},"end":{"line":151,"column":null}},"42":{"start":{"line":152,"column":25},"end":{"line":152,"column":null}},"43":{"start":{"line":155,"column":2},"end":{"line":160,"column":null}},"44":{"start":{"line":156,"column":16},"end":{"line":156,"column":null}},"45":{"start":{"line":157,"column":4},"end":{"line":159,"column":null}},"46":{"start":{"line":158,"column":6},"end":{"line":158,"column":null}},"47":{"start":{"line":162,"column":2},"end":{"line":162,"column":null}},"48":{"start":{"line":165,"column":35},"end":{"line":171,"column":null}},"49":{"start":{"line":166,"column":2},"end":{"line":170,"column":null}},"50":{"start":{"line":167,"column":24},"end":{"line":167,"column":null}},"51":{"start":{"line":168,"column":17},"end":{"line":168,"column":null}},"52":{"start":{"line":169,"column":4},"end":{"line":169,"column":null}},"53":{"start":{"line":173,"column":36},"end":{"line":178,"column":null}},"54":{"start":{"line":174,"column":2},"end":{"line":176,"column":null}},"55":{"start":{"line":175,"column":4},"end":{"line":175,"column":null}},"56":{"start":{"line":177,"column":2},"end":{"line":177,"column":null}}},"fnMap":{"0":{"name":"(anonymous_0)","decl":{"start":{"line":42,"column":32},"end":{"line":42,"column":33}},"loc":{"start":{"line":42,"column":65},"end":{"line":64,"column":null}},"line":42},"1":{"name":"(anonymous_1)","decl":{"start":{"line":66,"column":38},"end":{"line":66,"column":39}},"loc":{"start":{"line":66,"column":77},"end":{"line":93,"column":null}},"line":66},"2":{"name":"(anonymous_2)","decl":{"start":{"line":95,"column":49},"end":{"line":95,"column":null}},"loc":{"start":{"line":98,"column":23},"end":{"line":147,"column":null}},"line":98},"3":{"name":"(anonymous_3)","decl":{"start":{"line":112,"column":34},"end":{"line":112,"column":39}},"loc":{"start":{"line":112,"column":39},"end":{"line":120,"column":5}},"line":112},"4":{"name":"(anonymous_4)","decl":{"start":{"line":149,"column":27},"end":{"line":149,"column":28}},"loc":{"start":{"line":149,"column":58},"end":{"line":163,"column":null}},"line":149},"5":{"name":"(anonymous_5)","decl":{"start":{"line":165,"column":35},"end":{"line":165,"column":36}},"loc":{"start":{"line":165,"column":64},"end":{"line":171,"column":null}},"line":165},"6":{"name":"(anonymous_6)","decl":{"start":{"line":166,"column":62},"end":{"line":166,"column":63}},"loc":{"start":{"line":166,"column":86},"end":{"line":170,"column":3}},"line":166},"7":{"name":"(anonymous_7)","decl":{"start":{"line":173,"column":36},"end":{"line":173,"column":37}},"loc":{"start":{"line":173,"column":101},"end":{"line":178,"column":null}},"line":173}},"branchMap":{"0":{"loc":{"start":{"line":74,"column":20},"end":{"line":74,"column":43}},"type":"binary-expr","locations":[{"start":{"line":74,"column":20},"end":{"line":74,"column":32}},{"start":{"line":74,"column":32},"end":{"line":74,"column":43}}],"line":74},"1":{"loc":{"start":{"line":75,"column":31},"end":{"line":75,"column":53}},"type":"binary-expr","locations":[{"start":{"line":75,"column":31},"end":{"line":75,"column":43}},{"start":{"line":75,"column":43},"end":{"line":75,"column":53}}],"line":75},"2":{"loc":{"start":{"line":76,"column":20},"end":{"line":76,"column":null}},"type":"cond-expr","locations":[{"start":{"line":76,"column":31},"end":{"line":76,"column":57}},{"start":{"line":76,"column":57},"end":{"line":76,"column":null}}],"line":76},"3":{"loc":{"start":{"line":76,"column":57},"end":{"line":76,"column":null}},"type":"cond-expr","locations":[{"start":{"line":76,"column":68},"end":{"line":76,"column":93}},{"start":{"line":76,"column":93},"end":{"line":76,"column":null}}],"line":76},"4":{"loc":{"start":{"line":78,"column":4},"end":{"line":89,"column":null}},"type":"if","locations":[{"start":{"line":78,"column":4},"end":{"line":89,"column":null}},{"start":{},"end":{}}],"line":78},"5":{"loc":{"start":{"line":78,"column":8},"end":{"line":78,"column":37}},"type":"binary-expr","locations":[{"start":{"line":78,"column":8},"end":{"line":78,"column":18}},{"start":{"line":78,"column":18},"end":{"line":78,"column":37}}],"line":78},"6":{"loc":{"start":{"line":106,"column":24},"end":{"line":106,"column":47}},"type":"binary-expr","locations":[{"start":{"line":106,"column":24},"end":{"line":106,"column":36}},{"start":{"line":106,"column":36},"end":{"line":106,"column":47}}],"line":106},"7":{"loc":{"start":{"line":107,"column":31},"end":{"line":107,"column":53}},"type":"binary-expr","locations":[{"start":{"line":107,"column":31},"end":{"line":107,"column":43}},{"start":{"line":107,"column":43},"end":{"line":107,"column":53}}],"line":107},"8":{"loc":{"start":{"line":108,"column":20},"end":{"line":108,"column":null}},"type":"cond-expr","locations":[{"start":{"line":108,"column":31},"end":{"line":108,"column":57}},{"start":{"line":108,"column":57},"end":{"line":108,"column":null}}],"line":108},"9":{"loc":{"start":{"line":108,"column":57},"end":{"line":108,"column":null}},"type":"cond-expr","locations":[{"start":{"line":108,"column":68},"end":{"line":108,"column":93}},{"start":{"line":108,"column":93},"end":{"line":108,"column":null}}],"line":108},"10":{"loc":{"start":{"line":110,"column":4},"end":{"line":110,"column":null}},"type":"if","locations":[{"start":{"line":110,"column":4},"end":{"line":110,"column":null}},{"start":{},"end":{}}],"line":110},"11":{"loc":{"start":{"line":110,"column":8},"end":{"line":110,"column":41}},"type":"binary-expr","locations":[{"start":{"line":110,"column":8},"end":{"line":110,"column":23}},{"start":{"line":110,"column":23},"end":{"line":110,"column":41}}],"line":110},"12":{"loc":{"start":{"line":115,"column":13},"end":{"line":119,"column":null}},"type":"binary-expr","locations":[{"start":{"line":115,"column":13},"end":{"line":115,"column":null}},{"start":{"line":116,"column":8},"end":{"line":116,"column":null}},{"start":{"line":117,"column":8},"end":{"line":117,"column":null}},{"start":{"line":118,"column":8},"end":{"line":118,"column":null}},{"start":{"line":119,"column":8},"end":{"line":119,"column":null}}],"line":115},"13":{"loc":{"start":{"line":124,"column":4},"end":{"line":132,"column":null}},"type":"if","locations":[{"start":{"line":124,"column":4},"end":{"line":132,"column":null}},{"start":{},"end":{}}],"line":124},"14":{"loc":{"start":{"line":124,"column":8},"end":{"line":124,"column":37}},"type":"binary-expr","locations":[{"start":{"line":124,"column":8},"end":{"line":124,"column":22}},{"start":{"line":124,"column":22},"end":{"line":124,"column":37}}],"line":124},"15":{"loc":{"start":{"line":127,"column":6},"end":{"line":131,"column":null}},"type":"if","locations":[{"start":{"line":127,"column":6},"end":{"line":131,"column":null}},{"start":{"line":129,"column":6},"end":{"line":131,"column":null}}],"line":127},"16":{"loc":{"start":{"line":127,"column":10},"end":{"line":127,"column":59}},"type":"binary-expr","locations":[{"start":{"line":127,"column":10},"end":{"line":127,"column":34}},{"start":{"line":127,"column":34},"end":{"line":127,"column":59}}],"line":127},"17":{"loc":{"start":{"line":129,"column":6},"end":{"line":131,"column":null}},"type":"if","locations":[{"start":{"line":129,"column":6},"end":{"line":131,"column":null}},{"start":{},"end":{}}],"line":129},"18":{"loc":{"start":{"line":157,"column":4},"end":{"line":159,"column":null}},"type":"if","locations":[{"start":{"line":157,"column":4},"end":{"line":159,"column":null}},{"start":{},"end":{}}],"line":157},"19":{"loc":{"start":{"line":167,"column":24},"end":{"line":167,"column":null}},"type":"binary-expr","locations":[{"start":{"line":167,"column":24},"end":{"line":167,"column":33}},{"start":{"line":167,"column":33},"end":{"line":167,"column":null}}],"line":167},"20":{"loc":{"start":{"line":174,"column":2},"end":{"line":176,"column":null}},"type":"if","locations":[{"start":{"line":174,"column":2},"end":{"line":176,"column":null}},{"start":{},"end":{}}],"line":174},"21":{"loc":{"start":{"line":174,"column":6},"end":{"line":174,"column":38}},"type":"binary-expr","locations":[{"start":{"line":174,"column":6},"end":{"line":174,"column":17}},{"start":{"line":174,"column":17},"end":{"line":174,"column":38}}],"line":174}},"s":{"0":3,"1":6,"2":6,"3":6,"4":8,"5":8,"6":8,"7":6,"8":3,"9":4,"10":4,"11":4,"12":4,"13":4,"14":4,"15":4,"16":4,"17":4,"18":3,"19":4,"20":4,"21":4,"22":4,"23":4,"24":4,"25":4,"26":0,"27":4,"28":4,"29":4,"30":4,"31":4,"32":4,"33":3,"34":3,"35":2,"36":1,"37":0,"38":4,"39":4,"40":3,"41":20,"42":20,"43":20,"44":30,"45":30,"46":30,"47":20,"48":3,"49":3,"50":4,"51":4,"52":4,"53":3,"54":2,"55":1,"56":1},"f":{"0":6,"1":4,"2":4,"3":4,"4":20,"5":3,"6":4,"7":2},"b":{"0":[4,4],"1":[4,4],"2":[0,4],"3":[2,2],"4":[4,0],"5":[4,4],"6":[4,4],"7":[4,4],"8":[0,4],"9":[1,3],"10":[0,4],"11":[4,4],"12":[4,1,1,1,1],"13":[3,1],"14":[4,3],"15":[2,1],"16":[3,3],"17":[0,1],"18":[30,0],"19":[4,3],"20":[1,1],"21":[2,1]},"meta":{"lastBranch":22,"lastFunction":8,"lastStatement":57,"seen":{"s:42:32:64:Infinity":0,"f:42:32:42:33":0,"s:43:16:43:Infinity":1,"s:44:28:44:Infinity":2,"s:47:2:61:Infinity":3,"s:50:17:50:Infinity":4,"s:51:16:51:Infinity":5,"s:53:4:60:Infinity":6,"s:63:2:63:Infinity":7,"s:66:38:93:Infinity":8,"f:66:38:66:39":1,"s:68:16:68:Infinity":9,"s:69:33:69:Infinity":10,"s:72:2:90:Infinity":11,"s:74:10:74:Infinity":12,"b:74:20:74:32:74:32:74:43":0,"s:75:22:75:Infinity":13,"b:75:31:75:43:75:43:75:53":1,"s:76:20:76:Infinity":14,"b:76:31:76:57:76:57:76:Infinity":2,"b:76:68:76:93:76:93:76:Infinity":3,"b:78:4:89:Infinity:undefined:undefined:undefined:undefined":4,"s:78:4:89:Infinity":15,"b:78:8:78:18:78:18:78:37":5,"s:79:6:88:Infinity":16,"s:92:2:92:Infinity":17,"s:95:49:147:Infinity":18,"f:95:49:95:Infinity":2,"s:100:16:100:Infinity":19,"s:101:33:101:Infinity":20,"s:104:2:144:Infinity":21,"s:106:10:106:Infinity":22,"b:106:24:106:36:106:36:106:47":6,"s:107:22:107:Infinity":23,"b:107:31:107:43:107:43:107:53":7,"s:108:20:108:Infinity":24,"b:108:31:108:57:108:57:108:Infinity":8,"b:108:68:108:93:108:93:108:Infinity":9,"b:110:4:110:Infinity:undefined:undefined:undefined:undefined":10,"s:110:4:110:Infinity":25,"b:110:8:110:23:110:23:110:41":11,"s:110:41:110:Infinity":26,"s:112:23:120:Infinity":27,"f:112:34:112:39":3,"s:113:19:113:Infinity":28,"s:114:26:114:Infinity":29,"s:115:6:119:Infinity":30,"b:115:13:115:Infinity:116:8:116:Infinity:117:8:117:Infinity:118:8:118:Infinity:119:8:119:Infinity":12,"s:122:23:122:Infinity":31,"b:124:4:132:Infinity:undefined:undefined:undefined:undefined":13,"s:124:4:132:Infinity":32,"b:124:8:124:22:124:22:124:37":14,"s:125:20:125:Infinity":33,"b:127:6:131:Infinity:129:6:131:Infinity":15,"s:127:6:131:Infinity":34,"b:127:10:127:34:127:34:127:59":16,"s:128:8:128:Infinity":35,"b:129:6:131:Infinity:undefined:undefined:undefined:undefined":17,"s:129:6:131:Infinity":36,"s:130:8:130:Infinity":37,"s:134:4:143:Infinity":38,"s:146:2:146:Infinity":39,"s:149:27:163:Infinity":40,"f:149:27:149:28":4,"s:151:16:151:Infinity":41,"s:152:25:152:Infinity":42,"s:155:2:160:Infinity":43,"s:156:16:156:Infinity":44,"b:157:4:159:Infinity:undefined:undefined:undefined:undefined":18,"s:157:4:159:Infinity":45,"s:158:6:158:Infinity":46,"s:162:2:162:Infinity":47,"s:165:35:171:Infinity":48,"f:165:35:165:36":5,"s:166:2:170:Infinity":49,"f:166:62:166:63":6,"s:167:24:167:Infinity":50,"b:167:24:167:33:167:33:167:Infinity":19,"s:168:17:168:Infinity":51,"s:169:4:169:Infinity":52,"s:173:36:178:Infinity":53,"f:173:36:173:37":7,"b:174:2:176:Infinity:undefined:undefined:undefined:undefined":20,"s:174:2:176:Infinity":54,"b:174:6:174:17:174:17:174:38":21,"s:175:4:175:Infinity":55,"s:177:2:177:Infinity":56}}}
,"I:\\github_program\\claude-code-router\\TashaStone\\utils\\escapeHtml.ts": {"path":"I:\\github_program\\claude-code-router\\TashaStone\\utils\\escapeHtml.ts","statementMap":{"0":{"start":{"line":1,"column":26},"end":{"line":8,"column":null}},"1":{"start":{"line":2,"column":2},"end":{"line":7,"column":null}}},"fnMap":{"0":{"name":"(anonymous_0)","decl":{"start":{"line":1,"column":26},"end":{"line":1,"column":27}},"loc":{"start":{"line":1,"column":52},"end":{"line":8,"column":null}},"line":1}},"branchMap":{},"s":{"0":2,"1":15},"f":{"0":15},"b":{},"meta":{"lastBranch":0,"lastFunction":1,"lastStatement":2,"seen":{"s:1:26:8:Infinity":0,"f:1:26:1:27":0,"s:2:2:7:Infinity":1}}}
,"I:\\github_program\\claude-code-router\\TashaStone\\utils\\translations.ts": {"path":"I:\\github_program\\claude-code-router\\TashaStone\\utils\\translations.ts","statementMap":{"0":{"start":{"line":3,"column":28},"end":{"line":650,"column":null}}},"fnMap":{},"branchMap":{},"s":{"0":3},"f":{},"b":{},"meta":{"lastBranch":0,"lastFunction":0,"lastStatement":1,"seen":{"s:3:28:650:Infinity":0}}}
}
